#
# There is insufficient memory for the Java Runtime Environment to continue.
# Native memory allocation (mmap) failed to map 35651584 bytes. Error detail: G1 virtual space
# Possible reasons:
#   The system is out of physical RAM or swap space
#   This process is running with CompressedOops enabled, and the Java Heap may be blocking the growth of the native heap
# Possible solutions:
#   Reduce memory load on the system
#   Increase physical memory or swap space
#   Check if swap backing store is full
#   Decrease Java heap size (-Xmx/-Xms)
#   Decrease number of Java threads
#   Decrease Java thread stack sizes (-Xss)
#   Set larger code cache with -XX:ReservedCodeCacheSize=
#   JVM is running with Zero Based Compressed Oops mode in which the Java heap is
#     placed in the first 32GB address space. The Java Heap base address is the
#     maximum limit for the native heap growth. Please use -XX:HeapBaseMinAddress
#     to set the Java Heap base and to place the Java Heap above 32GB virtual address.
# This output file may be truncated or incomplete.
#
#  Out of Memory Error (os_windows.cpp:3815), pid=6796, tid=7708
#
# JRE version: OpenJDK Runtime Environment (21.0.3) (build 21.0.3+-12282718-b509.11)
# Java VM: OpenJDK 64-Bit Server VM (21.0.3+-12282718-b509.11, mixed mode, tiered, compressed oops, compressed class ptrs, g1 gc, windows-amd64)
# No core dump will be written. Minidumps are not enabled by default on client versions of Windows
#

---------------  S U M M A R Y ------------

Command Line: -XX:MaxMetaspaceSize=2G -XX:+HeapDumpOnOutOfMemoryError --add-opens=java.base/java.util=ALL-UNNAMED --add-opens=java.base/java.lang=ALL-UNNAMED --add-opens=java.base/java.lang.invoke=ALL-UNNAMED --add-opens=java.prefs/java.util.prefs=ALL-UNNAMED --add-opens=java.base/java.nio.charset=ALL-UNNAMED --add-opens=java.base/java.net=ALL-UNNAMED --add-opens=java.base/java.util.concurrent.atomic=ALL-UNNAMED -Xmx4G -Dfile.encoding=UTF-8 -Duser.country=GB -Duser.language=en -Duser.variant -javaagent:C:\Users\User\.gradle\wrapper\dists\gradle-8.3-all\6en3ugtfdg5xnpx44z4qbwgas\gradle-8.3\lib\agents\gradle-instrumentation-agent-8.3.jar org.gradle.launcher.daemon.bootstrap.GradleDaemon 8.3

Host: 11th Gen Intel(R) Core(TM) i5-11400F @ 2.60GHz, 12 cores, 15G,  Windows 11 , 64 bit Build 22621 (10.0.22621.4391)
Time: Sun Dec  1 18:54:47 2024 Central European Standard Time elapsed time: 7.853718 seconds (0d 0h 0m 7s)

---------------  T H R E A D  ---------------

Current thread (0x000002813c6cd680):  VMThread "VM Thread"          [id=7708, stack(0x000000e4e9300000,0x000000e4e9400000) (1024K)]

Stack: [0x000000e4e9300000,0x000000e4e9400000]
Native frames: (J=compiled Java code, j=interpreted, Vv=VM code, C=native code)
V  [jvm.dll+0x6cafb9]
V  [jvm.dll+0x858523]
V  [jvm.dll+0x85aa7e]
V  [jvm.dll+0x85b163]
V  [jvm.dll+0x27d356]
V  [jvm.dll+0x6c7865]
V  [jvm.dll+0x6bbd3a]
V  [jvm.dll+0x35199b]
V  [jvm.dll+0x3595d6]
V  [jvm.dll+0x3aa826]
V  [jvm.dll+0x3aaaf8]
V  [jvm.dll+0x3240bc]
V  [jvm.dll+0x324147]
V  [jvm.dll+0x36a00c]
V  [jvm.dll+0x36879e]
V  [jvm.dll+0x3237c1]
V  [jvm.dll+0x3272d6]
V  [jvm.dll+0x37ce16]
V  [jvm.dll+0x860ac8]
V  [jvm.dll+0x861bc4]
V  [jvm.dll+0x862100]
V  [jvm.dll+0x862393]
V  [jvm.dll+0x800d78]
V  [jvm.dll+0x6c98cd]
C  [ucrtbase.dll+0x29333]
C  [KERNEL32.DLL+0x1259d]
C  [ntdll.dll+0x5af38]

VM_Operation (0x000000e4eabf43c0): CollectForMetadataAllocation, mode: safepoint, requested by thread 0x0000028142b39b10


---------------  P R O C E S S  ---------------

Threads class SMR info:
_java_thread_list=0x000002814705eeb0, length=34, elements={
0x00000281227044e0, 0x000002813cc192b0, 0x000002813cc1a110, 0x000002813cc1d570,
0x000002813cc1dfd0, 0x000002813cbf9de0, 0x000002813cc04ac0, 0x000002813cc086d0,
0x000002813cc30fb0, 0x000002813cd50770, 0x0000028141189e90, 0x00000281425e91a0,
0x0000028142985570, 0x0000028142f88dd0, 0x0000028142b39480, 0x0000028142b3a830,
0x0000028142b3aec0, 0x0000028142b39b10, 0x0000028142b3b550, 0x0000028142b3a1a0,
0x0000028142b3bbe0, 0x0000028142b3c270, 0x0000028142b38df0, 0x00000281430db430,
0x00000281430dc7e0, 0x00000281430dd500, 0x00000281430dbac0, 0x00000281430d99f0,
0x00000281430d7fb0, 0x00000281430d9360, 0x00000281430da080, 0x00000281430de220,
0x00000281430dc150, 0x00000281430def40
}

Java Threads: ( => current thread )
  0x00000281227044e0 JavaThread "main"                              [_thread_blocked, id=16344, stack(0x000000e4e8c00000,0x000000e4e8d00000) (1024K)]
  0x000002813cc192b0 JavaThread "Reference Handler"          daemon [_thread_blocked, id=9008, stack(0x000000e4e9400000,0x000000e4e9500000) (1024K)]
  0x000002813cc1a110 JavaThread "Finalizer"                  daemon [_thread_blocked, id=18112, stack(0x000000e4e9500000,0x000000e4e9600000) (1024K)]
  0x000002813cc1d570 JavaThread "Signal Dispatcher"          daemon [_thread_blocked, id=10492, stack(0x000000e4e9600000,0x000000e4e9700000) (1024K)]
  0x000002813cc1dfd0 JavaThread "Attach Listener"            daemon [_thread_blocked, id=17148, stack(0x000000e4e9700000,0x000000e4e9800000) (1024K)]
  0x000002813cbf9de0 JavaThread "Service Thread"             daemon [_thread_blocked, id=11540, stack(0x000000e4e9800000,0x000000e4e9900000) (1024K)]
  0x000002813cc04ac0 JavaThread "Monitor Deflation Thread"   daemon [_thread_blocked, id=16624, stack(0x000000e4e9900000,0x000000e4e9a00000) (1024K)]
  0x000002813cc086d0 JavaThread "C2 CompilerThread0"         daemon [_thread_blocked, id=4916, stack(0x000000e4e9a00000,0x000000e4e9b00000) (1024K)]
  0x000002813cc30fb0 JavaThread "C1 CompilerThread0"         daemon [_thread_blocked, id=12144, stack(0x000000e4e9b00000,0x000000e4e9c00000) (1024K)]
  0x000002813cd50770 JavaThread "Common-Cleaner"             daemon [_thread_blocked, id=1692, stack(0x000000e4e9c00000,0x000000e4e9d00000) (1024K)]
  0x0000028141189e90 JavaThread "Notification Thread"        daemon [_thread_blocked, id=14780, stack(0x000000e4e9d00000,0x000000e4e9e00000) (1024K)]
  0x00000281425e91a0 JavaThread "Daemon health stats"               [_thread_blocked, id=12484, stack(0x000000e4ea500000,0x000000e4ea600000) (1024K)]
  0x0000028142985570 JavaThread "Incoming local TCP Connector on port 52396"        [_thread_in_native, id=11952, stack(0x000000e4ea600000,0x000000e4ea700000) (1024K)]
  0x0000028142f88dd0 JavaThread "Daemon periodic checks"            [_thread_blocked, id=2776, stack(0x000000e4ea700000,0x000000e4ea800000) (1024K)]
  0x0000028142b39480 JavaThread "Daemon"                            [_thread_blocked, id=3880, stack(0x000000e4ea800000,0x000000e4ea900000) (1024K)]
  0x0000028142b3a830 JavaThread "Handler for socket connection from /127.0.0.1:52396 to /127.0.0.1:52397"        [_thread_in_native, id=17832, stack(0x000000e4ea900000,0x000000e4eaa00000) (1024K)]
  0x0000028142b3aec0 JavaThread "Cancel handler"                    [_thread_blocked, id=17324, stack(0x000000e4eaa00000,0x000000e4eab00000) (1024K)]
  0x0000028142b39b10 JavaThread "Daemon worker"                     [_thread_blocked, id=17196, stack(0x000000e4eab00000,0x000000e4eac00000) (1024K)]
  0x0000028142b3b550 JavaThread "Asynchronous log dispatcher for DefaultDaemonConnection: socket connection from /127.0.0.1:52396 to /127.0.0.1:52397"        [_thread_blocked, id=17924, stack(0x000000e4eac00000,0x000000e4ead00000) (1024K)]
  0x0000028142b3a1a0 JavaThread "Stdin handler"                     [_thread_blocked, id=15220, stack(0x000000e4ead00000,0x000000e4eae00000) (1024K)]
  0x0000028142b3bbe0 JavaThread "Daemon client event forwarder"        [_thread_blocked, id=16260, stack(0x000000e4eae00000,0x000000e4eaf00000) (1024K)]
  0x0000028142b3c270 JavaThread "Cache worker for journal cache (C:\Users\User\.gradle\caches\journal-1)"        [_thread_blocked, id=2328, stack(0x000000e4eb500000,0x000000e4eb600000) (1024K)]
  0x0000028142b38df0 JavaThread "File lock request listener"        [_thread_in_native, id=2400, stack(0x000000e4eb600000,0x000000e4eb700000) (1024K)]
  0x00000281430db430 JavaThread "Cache worker for file hash cache (C:\Users\User\.gradle\caches\8.3\fileHashes)"        [_thread_blocked, id=4464, stack(0x000000e4eb700000,0x000000e4eb800000) (1024K)]
  0x00000281430dc7e0 JavaThread "File watcher server"        daemon [_thread_in_native, id=14728, stack(0x000000e4eb800000,0x000000e4eb900000) (1024K)]
  0x00000281430dd500 JavaThread "File watcher consumer"      daemon [_thread_blocked, id=17852, stack(0x000000e4eb900000,0x000000e4eba00000) (1024K)]
  0x00000281430dbac0 JavaThread "Cache worker for checksums cache (C:\Users\User\Desktop\ClothesApp-master\android\.gradle\8.3\checksums)"        [_thread_blocked, id=16472, stack(0x000000e4eba00000,0x000000e4ebb00000) (1024K)]
  0x00000281430d99f0 JavaThread "Cache worker for file hash cache (C:\Users\User\Desktop\ClothesApp-master\android\.gradle\8.3\fileHashes)"        [_thread_blocked, id=13168, stack(0x000000e4ebb00000,0x000000e4ebc00000) (1024K)]
  0x00000281430d7fb0 JavaThread "Cache worker for cache directory md-supplier (C:\Users\User\.gradle\caches\8.3\md-supplier)"        [_thread_blocked, id=4820, stack(0x000000e4ebc00000,0x000000e4ebd00000) (1024K)]
  0x00000281430d9360 JavaThread "Cache worker for file content cache (C:\Users\User\.gradle\caches\8.3\fileContent)"        [_thread_blocked, id=13480, stack(0x000000e4ebd00000,0x000000e4ebe00000) (1024K)]
  0x00000281430da080 JavaThread "Cache worker for cache directory md-rule (C:\Users\User\.gradle\caches\8.3\md-rule)"        [_thread_blocked, id=17648, stack(0x000000e4ebe00000,0x000000e4ebf00000) (1024K)]
  0x00000281430de220 JavaThread "Cache worker for execution history cache (C:\Users\User\.gradle\caches\8.3\executionHistory)"        [_thread_blocked, id=12068, stack(0x000000e4ebf00000,0x000000e4ec000000) (1024K)]
  0x00000281430dc150 JavaThread "jar transforms"                    [_thread_blocked, id=15336, stack(0x000000e4ec000000,0x000000e4ec100000) (1024K)]
  0x00000281430def40 JavaThread "Cache worker for kotlin-dsl (C:\Users\User\.gradle\caches\8.3\kotlin-dsl)"        [_thread_blocked, id=17364, stack(0x000000e4ec100000,0x000000e4ec200000) (1024K)]
Total: 34

Other Threads:
=>0x000002813c6cd680 VMThread "VM Thread"                           [id=7708, stack(0x000000e4e9300000,0x000000e4e9400000) (1024K)]
  0x000002813c6bd0e0 WatcherThread "VM Periodic Task Thread"        [id=17864, stack(0x000000e4e9200000,0x000000e4e9300000) (1024K)]
  0x000002812276ad50 WorkerThread "GC Thread#0"                     [id=6136, stack(0x000000e4e8d00000,0x000000e4e8e00000) (1024K)]
  0x0000028141ab6490 WorkerThread "GC Thread#1"                     [id=5280, stack(0x000000e4ea000000,0x000000e4ea100000) (1024K)]
  0x0000028141ab6830 WorkerThread "GC Thread#2"                     [id=4764, stack(0x000000e4ea100000,0x000000e4ea200000) (1024K)]
  0x0000028141e03970 WorkerThread "GC Thread#3"                     [id=15456, stack(0x000000e4ea200000,0x000000e4ea300000) (1024K)]
  0x00000281420c11c0 WorkerThread "GC Thread#4"                     [id=1964, stack(0x000000e4ea300000,0x000000e4ea400000) (1024K)]
  0x0000028141b04170 WorkerThread "GC Thread#5"                     [id=15280, stack(0x000000e4ea400000,0x000000e4ea500000) (1024K)]
  0x0000028142ee6db0 WorkerThread "GC Thread#6"                     [id=18020, stack(0x000000e4eaf00000,0x000000e4eb000000) (1024K)]
  0x0000028142c42ab0 WorkerThread "GC Thread#7"                     [id=6988, stack(0x000000e4eb000000,0x000000e4eb100000) (1024K)]
  0x0000028142c42e50 WorkerThread "GC Thread#8"                     [id=16396, stack(0x000000e4eb100000,0x000000e4eb200000) (1024K)]
  0x0000028142c5de90 WorkerThread "GC Thread#9"                     [id=18420, stack(0x000000e4eb200000,0x000000e4eb300000) (1024K)]
  0x000002812277d790 ConcurrentGCThread "G1 Main Marker"            [id=1916, stack(0x000000e4e8e00000,0x000000e4e8f00000) (1024K)]
  0x000002812277ea30 WorkerThread "G1 Conc#0"                       [id=10780, stack(0x000000e4e8f00000,0x000000e4e9000000) (1024K)]
  0x0000028142c5cc70 WorkerThread "G1 Conc#1"                       [id=17868, stack(0x000000e4eb300000,0x000000e4eb400000) (1024K)]
  0x0000028142c5d3b0 WorkerThread "G1 Conc#2"                       [id=12000, stack(0x000000e4eb400000,0x000000e4eb500000) (1024K)]
  0x00000281227be770 ConcurrentGCThread "G1 Refine#0"               [id=17424, stack(0x000000e4e9000000,0x000000e4e9100000) (1024K)]
  0x000002813c5921d0 ConcurrentGCThread "G1 Service"                [id=16612, stack(0x000000e4e9100000,0x000000e4e9200000) (1024K)]
Total: 18

Threads with active compile tasks:
Total: 0

VM state: at safepoint (normal execution)

VM Mutex/Monitor currently owned by a thread:  ([mutex/lock_event])
[0x00007ff822a620c8] Threads_lock - owner thread: 0x000002813c6cd680
[0x00007ff822a621c8] Heap_lock - owner thread: 0x0000028142b39b10

Heap address: 0x0000000700000000, size: 4096 MB, Compressed Oops mode: Zero based, Oop shift amount: 3

CDS archive(s) not mapped
Compressed class space mapped at: 0x0000000800000000-0x0000000840000000, reserved size: 1073741824
Narrow klass base: 0x0000000800000000, Narrow klass shift: 0, Narrow klass range: 0x40000000

GC Precious Log:
 CardTable entry size: 512
 Card Set container configuration: InlinePtr #cards 4 size 8 Array Of Cards #cards 16 size 48 Howl #buckets 8 coarsen threshold 3686 Howl Bitmap #cards 512 size 80 coarsen threshold 460 Card regions per heap region 1 cards per card region 4096
 CPUs: 12 total, 12 available
 Memory: 16217M
 Large Page Support: Disabled
 NUMA Support: Disabled
 Compressed Oops: Enabled (Zero based)
 Heap Region Size: 2M
 Heap Min Capacity: 8M
 Heap Initial Capacity: 254M
 Heap Max Capacity: 4G
 Pre-touch: Disabled
 Parallel Workers: 10
 Concurrent Workers: 3
 Concurrent Refinement Workers: 10
 Periodic GC: Disabled

Heap:
 garbage-first heap   total 172032K, used 44527K [0x0000000700000000, 0x0000000800000000)
  region size 2048K, 3 young (6144K), 3 survivors (6144K)
 Metaspace       used 59494K, committed 60736K, reserved 1114112K
  class space    used 7626K, committed 8256K, reserved 1048576K

Heap Regions: E=young(eden), S=young(survivor), O=old, HS=humongous(starts), HC=humongous(continues), CS=collection set, F=free, TAMS=top-at-mark-start, PB=parsable bottom
|   0|0x0000000700000000, 0x0000000700200000, 0x0000000700200000|100%|HS|  |TAMS 0x0000000700200000| PB 0x0000000700000000| Complete 
|   1|0x0000000700200000, 0x0000000700400000, 0x0000000700400000|100%|HC|  |TAMS 0x0000000700400000| PB 0x0000000700200000| Complete 
|   2|0x0000000700400000, 0x0000000700600000, 0x0000000700600000|100%| O|  |TAMS 0x0000000700600000| PB 0x0000000700400000| Untracked 
|   3|0x0000000700600000, 0x0000000700800000, 0x0000000700800000|100%| O|  |TAMS 0x0000000700800000| PB 0x0000000700600000| Untracked 
|   4|0x0000000700800000, 0x0000000700a00000, 0x0000000700a00000|100%| O|  |TAMS 0x0000000700a00000| PB 0x0000000700800000| Untracked 
|   5|0x0000000700a00000, 0x0000000700c00000, 0x0000000700c00000|100%| O|  |TAMS 0x0000000700c00000| PB 0x0000000700a00000| Untracked 
|   6|0x0000000700c00000, 0x0000000700e00000, 0x0000000700e00000|100%| O|  |TAMS 0x0000000700e00000| PB 0x0000000700c00000| Untracked 
|   7|0x0000000700e00000, 0x0000000701000000, 0x0000000701000000|100%| O|  |TAMS 0x0000000701000000| PB 0x0000000700e00000| Untracked 
|   8|0x0000000701000000, 0x0000000701200000, 0x0000000701200000|100%| O|  |TAMS 0x0000000701200000| PB 0x0000000701000000| Untracked 
|   9|0x0000000701200000, 0x0000000701400000, 0x0000000701400000|100%| O|  |TAMS 0x0000000701400000| PB 0x0000000701200000| Untracked 
|  10|0x0000000701400000, 0x0000000701600000, 0x0000000701600000|100%| O|  |TAMS 0x0000000701600000| PB 0x0000000701400000| Untracked 
|  11|0x0000000701600000, 0x0000000701800000, 0x0000000701800000|100%| O|  |TAMS 0x0000000701800000| PB 0x0000000701600000| Untracked 
|  12|0x0000000701800000, 0x0000000701a00000, 0x0000000701a00000|100%| O|  |TAMS 0x0000000701a00000| PB 0x0000000701800000| Untracked 
|  13|0x0000000701a00000, 0x0000000701ba8ca0, 0x0000000701c00000| 82%| O|  |TAMS 0x0000000701b1e4f0| PB 0x0000000701a00000| Untracked 
|  14|0x0000000701c00000, 0x0000000701c00000, 0x0000000701e00000|  0%| F|  |TAMS 0x0000000701c00000| PB 0x0000000701c00000| Untracked 
|  15|0x0000000701e00000, 0x0000000702000000, 0x0000000702000000|100%| O|  |TAMS 0x0000000702000000| PB 0x0000000701e00000| Untracked 
|  16|0x0000000702000000, 0x0000000702000000, 0x0000000702200000|  0%| F|  |TAMS 0x0000000702000000| PB 0x0000000702000000| Untracked 
|  17|0x0000000702200000, 0x0000000702200000, 0x0000000702400000|  0%| F|  |TAMS 0x0000000702200000| PB 0x0000000702200000| Untracked 
|  18|0x0000000702400000, 0x0000000702400000, 0x0000000702600000|  0%| F|  |TAMS 0x0000000702400000| PB 0x0000000702400000| Untracked 
|  19|0x0000000702600000, 0x0000000702600000, 0x0000000702800000|  0%| F|  |TAMS 0x0000000702600000| PB 0x0000000702600000| Untracked 
|  20|0x0000000702800000, 0x0000000702800000, 0x0000000702a00000|  0%| F|  |TAMS 0x0000000702800000| PB 0x0000000702800000| Untracked 
|  21|0x0000000702a00000, 0x0000000702a00000, 0x0000000702c00000|  0%| F|  |TAMS 0x0000000702a00000| PB 0x0000000702a00000| Untracked 
|  22|0x0000000702c00000, 0x0000000702c00000, 0x0000000702e00000|  0%| F|  |TAMS 0x0000000702c00000| PB 0x0000000702c00000| Untracked 
|  23|0x0000000702e00000, 0x0000000702e00000, 0x0000000703000000|  0%| F|  |TAMS 0x0000000702e00000| PB 0x0000000702e00000| Untracked 
|  24|0x0000000703000000, 0x0000000703000000, 0x0000000703200000|  0%| F|  |TAMS 0x0000000703000000| PB 0x0000000703000000| Untracked 
|  25|0x0000000703200000, 0x0000000703200000, 0x0000000703400000|  0%| F|  |TAMS 0x0000000703200000| PB 0x0000000703200000| Untracked 
|  26|0x0000000703400000, 0x0000000703400000, 0x0000000703600000|  0%| F|  |TAMS 0x0000000703400000| PB 0x0000000703400000| Untracked 
|  27|0x0000000703600000, 0x0000000703600000, 0x0000000703800000|  0%| F|  |TAMS 0x0000000703600000| PB 0x0000000703600000| Untracked 
|  28|0x0000000703800000, 0x0000000703800000, 0x0000000703a00000|  0%| F|  |TAMS 0x0000000703800000| PB 0x0000000703800000| Untracked 
|  29|0x0000000703a00000, 0x0000000703a00000, 0x0000000703c00000|  0%| F|  |TAMS 0x0000000703a00000| PB 0x0000000703a00000| Untracked 
|  30|0x0000000703c00000, 0x0000000703c00000, 0x0000000703e00000|  0%| F|  |TAMS 0x0000000703c00000| PB 0x0000000703c00000| Untracked 
|  31|0x0000000703e00000, 0x0000000703e00000, 0x0000000704000000|  0%| F|  |TAMS 0x0000000703e00000| PB 0x0000000703e00000| Untracked 
|  32|0x0000000704000000, 0x0000000704000000, 0x0000000704200000|  0%| F|  |TAMS 0x0000000704000000| PB 0x0000000704000000| Untracked 
|  33|0x0000000704200000, 0x0000000704200000, 0x0000000704400000|  0%| F|  |TAMS 0x0000000704200000| PB 0x0000000704200000| Untracked 
|  34|0x0000000704400000, 0x0000000704400000, 0x0000000704600000|  0%| F|  |TAMS 0x0000000704400000| PB 0x0000000704400000| Untracked 
|  35|0x0000000704600000, 0x0000000704600000, 0x0000000704800000|  0%| F|  |TAMS 0x0000000704600000| PB 0x0000000704600000| Untracked 
|  36|0x0000000704800000, 0x0000000704800000, 0x0000000704a00000|  0%| F|  |TAMS 0x0000000704800000| PB 0x0000000704800000| Untracked 
|  37|0x0000000704a00000, 0x0000000704a00000, 0x0000000704c00000|  0%| F|  |TAMS 0x0000000704a00000| PB 0x0000000704a00000| Untracked 
|  38|0x0000000704c00000, 0x0000000704dd30d8, 0x0000000704e00000| 91%| S|CS|TAMS 0x0000000704c00000| PB 0x0000000704c00000| Complete 
|  39|0x0000000704e00000, 0x0000000705000000, 0x0000000705000000|100%| S|CS|TAMS 0x0000000704e00000| PB 0x0000000704e00000| Complete 
|  40|0x0000000705000000, 0x0000000705200000, 0x0000000705200000|100%| S|CS|TAMS 0x0000000705000000| PB 0x0000000705000000| Complete 
|  41|0x0000000705200000, 0x0000000705200000, 0x0000000705400000|  0%| F|  |TAMS 0x0000000705200000| PB 0x0000000705200000| Untracked 
|  42|0x0000000705400000, 0x0000000705400000, 0x0000000705600000|  0%| F|  |TAMS 0x0000000705400000| PB 0x0000000705400000| Untracked 
|  43|0x0000000705600000, 0x0000000705600000, 0x0000000705800000|  0%| F|  |TAMS 0x0000000705600000| PB 0x0000000705600000| Untracked 
|  44|0x0000000705800000, 0x0000000705800000, 0x0000000705a00000|  0%| F|  |TAMS 0x0000000705800000| PB 0x0000000705800000| Untracked 
|  45|0x0000000705a00000, 0x0000000705a00000, 0x0000000705c00000|  0%| F|  |TAMS 0x0000000705a00000| PB 0x0000000705a00000| Untracked 
|  46|0x0000000705c00000, 0x0000000705c00000, 0x0000000705e00000|  0%| F|  |TAMS 0x0000000705c00000| PB 0x0000000705c00000| Untracked 
|  47|0x0000000705e00000, 0x0000000705e00000, 0x0000000706000000|  0%| F|  |TAMS 0x0000000705e00000| PB 0x0000000705e00000| Untracked 
|  48|0x0000000706000000, 0x0000000706000000, 0x0000000706200000|  0%| F|  |TAMS 0x0000000706000000| PB 0x0000000706000000| Untracked 
|  49|0x0000000706200000, 0x0000000706200000, 0x0000000706400000|  0%| F|  |TAMS 0x0000000706200000| PB 0x0000000706200000| Untracked 
|  50|0x0000000706400000, 0x0000000706400000, 0x0000000706600000|  0%| F|  |TAMS 0x0000000706400000| PB 0x0000000706400000| Untracked 
|  51|0x0000000706600000, 0x0000000706600000, 0x0000000706800000|  0%| F|  |TAMS 0x0000000706600000| PB 0x0000000706600000| Untracked 
|  52|0x0000000706800000, 0x0000000706800000, 0x0000000706a00000|  0%| F|  |TAMS 0x0000000706800000| PB 0x0000000706800000| Untracked 
|  53|0x0000000706a00000, 0x0000000706a00000, 0x0000000706c00000|  0%| F|  |TAMS 0x0000000706a00000| PB 0x0000000706a00000| Untracked 
|  54|0x0000000706c00000, 0x0000000706c00000, 0x0000000706e00000|  0%| F|  |TAMS 0x0000000706c00000| PB 0x0000000706c00000| Untracked 
|  55|0x0000000706e00000, 0x0000000706e00000, 0x0000000707000000|  0%| F|  |TAMS 0x0000000706e00000| PB 0x0000000706e00000| Untracked 
|  56|0x0000000707000000, 0x0000000707000000, 0x0000000707200000|  0%| F|  |TAMS 0x0000000707000000| PB 0x0000000707000000| Untracked 
|  57|0x0000000707200000, 0x0000000707200000, 0x0000000707400000|  0%| F|  |TAMS 0x0000000707200000| PB 0x0000000707200000| Untracked 
|  58|0x0000000707400000, 0x0000000707400000, 0x0000000707600000|  0%| F|  |TAMS 0x0000000707400000| PB 0x0000000707400000| Untracked 
|  59|0x0000000707600000, 0x0000000707600000, 0x0000000707800000|  0%| F|  |TAMS 0x0000000707600000| PB 0x0000000707600000| Untracked 
|  60|0x0000000707800000, 0x0000000707800000, 0x0000000707a00000|  0%| F|  |TAMS 0x0000000707800000| PB 0x0000000707800000| Untracked 
|  61|0x0000000707a00000, 0x0000000707a00000, 0x0000000707c00000|  0%| F|  |TAMS 0x0000000707a00000| PB 0x0000000707a00000| Untracked 
|  62|0x0000000707c00000, 0x0000000707c00000, 0x0000000707e00000|  0%| F|  |TAMS 0x0000000707c00000| PB 0x0000000707c00000| Untracked 
|  63|0x0000000707e00000, 0x0000000707e00000, 0x0000000708000000|  0%| F|  |TAMS 0x0000000707e00000| PB 0x0000000707e00000| Untracked 
|  64|0x0000000708000000, 0x0000000708000000, 0x0000000708200000|  0%| F|  |TAMS 0x0000000708000000| PB 0x0000000708000000| Untracked 
|  65|0x0000000708200000, 0x0000000708200000, 0x0000000708400000|  0%| F|  |TAMS 0x0000000708200000| PB 0x0000000708200000| Untracked 
|  66|0x0000000708400000, 0x0000000708400000, 0x0000000708600000|  0%| F|  |TAMS 0x0000000708400000| PB 0x0000000708400000| Untracked 
|  67|0x0000000708600000, 0x0000000708600000, 0x0000000708800000|  0%| F|  |TAMS 0x0000000708600000| PB 0x0000000708600000| Untracked 
|  68|0x0000000708800000, 0x0000000708800000, 0x0000000708a00000|  0%| F|  |TAMS 0x0000000708800000| PB 0x0000000708800000| Untracked 
|  69|0x0000000708a00000, 0x0000000708a00000, 0x0000000708c00000|  0%| F|  |TAMS 0x0000000708a00000| PB 0x0000000708a00000| Untracked 
|  70|0x0000000708c00000, 0x0000000708c00000, 0x0000000708e00000|  0%| F|  |TAMS 0x0000000708c00000| PB 0x0000000708c00000| Untracked 
|  71|0x0000000708e00000, 0x0000000708e00000, 0x0000000709000000|  0%| F|  |TAMS 0x0000000708e00000| PB 0x0000000708e00000| Untracked 
|  72|0x0000000709000000, 0x0000000709000000, 0x0000000709200000|  0%| F|  |TAMS 0x0000000709000000| PB 0x0000000709000000| Untracked 
|  99|0x000000070c600000, 0x000000070c600000, 0x000000070c800000|  0%| F|  |TAMS 0x000000070c600000| PB 0x000000070c600000| Untracked 
| 100|0x000000070c800000, 0x000000070c800000, 0x000000070ca00000|  0%| F|  |TAMS 0x000000070c800000| PB 0x000000070c800000| Untracked 
| 101|0x000000070ca00000, 0x000000070ca00000, 0x000000070cc00000|  0%| F|  |TAMS 0x000000070ca00000| PB 0x000000070ca00000| Untracked 
| 102|0x000000070cc00000, 0x000000070cc00000, 0x000000070ce00000|  0%| F|  |TAMS 0x000000070cc00000| PB 0x000000070cc00000| Untracked 
| 103|0x000000070ce00000, 0x000000070ce00000, 0x000000070d000000|  0%| F|  |TAMS 0x000000070ce00000| PB 0x000000070ce00000| Untracked 
| 126|0x000000070fc00000, 0x000000070fc00000, 0x000000070fe00000|  0%| F|  |TAMS 0x000000070fc00000| PB 0x000000070fc00000| Untracked 
|2043|0x00000007ff600000, 0x00000007ff800000, 0x00000007ff800000|100%| O|  |TAMS 0x00000007ff800000| PB 0x00000007ff600000| Untracked 
|2044|0x00000007ff800000, 0x00000007ff800000, 0x00000007ffa00000|  0%| F|  |TAMS 0x00000007ff800000| PB 0x00000007ff800000| Untracked 
|2045|0x00000007ffa00000, 0x00000007ffc00000, 0x00000007ffc00000|100%| O|  |TAMS 0x00000007ffc00000| PB 0x00000007ffa00000| Untracked 
|2046|0x00000007ffc00000, 0x00000007ffe00000, 0x00000007ffe00000|100%| O|  |TAMS 0x00000007ffe00000| PB 0x00000007ffc00000| Untracked 
|2047|0x00000007ffe00000, 0x0000000800000000, 0x0000000800000000|100%| O|  |TAMS 0x0000000800000000| PB 0x00000007ffe00000| Untracked 

Card table byte_map: [0x0000028135590000,0x0000028135d90000] _byte_map_base: 0x0000028131d90000

Marking Bits: (CMBitMap*) 0x000002812276bc60
 Bits: [0x0000028135d90000, 0x0000028139d90000)

Polling page: 0x0000028121ec0000

Metaspace:

Usage:
  Non-class:     50.65 MB used.
      Class:      7.45 MB used.
       Both:     58.10 MB used.

Virtual space:
  Non-class space:       64.00 MB reserved,      51.25 MB ( 80%) committed,  1 nodes.
      Class space:        1.00 GB reserved,       8.06 MB ( <1%) committed,  1 nodes.
             Both:        1.06 GB reserved,      59.31 MB (  5%) committed. 

Chunk freelists:
   Non-Class:  12.38 MB
       Class:  7.95 MB
        Both:  20.33 MB

MaxMetaspaceSize: 2.00 GB
CompressedClassSpaceSize: 1.00 GB
Initial GC threshold: 21.00 MB
Current GC threshold: 59.31 MB
CDS: off
 - commit_granule_bytes: 65536.
 - commit_granule_words: 8192.
 - virtual_space_node_default_size: 8388608.
 - enlarge_chunks_in_place: 1.
 - use_allocation_guard: 0.


Internal statistics:

num_allocs_failed_limit: 12.
num_arena_births: 2302.
num_arena_deaths: 0.
num_vsnodes_births: 2.
num_vsnodes_deaths: 0.
num_space_committed: 949.
num_space_uncommitted: 0.
num_chunks_returned_to_freelist: 12.
num_chunks_taken_from_freelist: 4331.
num_chunk_merges: 12.
num_chunk_splits: 2933.
num_chunks_enlarged: 1950.
num_inconsistent_stats: 0.

CodeHeap 'non-profiled nmethods': size=120000Kb used=3981Kb max_used=3981Kb free=116018Kb
 bounds [0x000002812d310000, 0x000002812d700000, 0x0000028134840000]
CodeHeap 'profiled nmethods': size=120000Kb used=11151Kb max_used=11151Kb free=108848Kb
 bounds [0x0000028125840000, 0x0000028126330000, 0x000002812cd70000]
CodeHeap 'non-nmethods': size=5760Kb used=2973Kb max_used=3000Kb free=2787Kb
 bounds [0x000002812cd70000, 0x000002812d070000, 0x000002812d310000]
 total_blobs=6070 nmethods=5197 adapters=777
 compilation: enabled
              stopped_count=0, restarted_count=0
 full_count=0

Compilation events (20 events):
Event: 7.801 Thread 0x000002813cc30fb0 5556       3       java.lang.invoke.InnerClassLambdaMetafactory$ForwardingMethodGenerator::convertArgumentTypes (96 bytes)
Event: 7.802 Thread 0x000002813cc30fb0 nmethod 5556 0x0000028126319c90 code [0x0000028126319f00, 0x000002812631a990]
Event: 7.802 Thread 0x000002813cc30fb0 5557       3       java.lang.invoke.InnerClassLambdaMetafactory$ForwardingMethodGenerator::invocationOpcode (104 bytes)
Event: 7.802 Thread 0x000002813cc30fb0 nmethod 5557 0x000002812631af10 code [0x000002812631b180, 0x000002812631b930]
Event: 7.802 Thread 0x000002813cc30fb0 5558       3       java.lang.invoke.InnerClassLambdaMetafactory::getReturnOpcode (20 bytes)
Event: 7.802 Thread 0x000002813cc30fb0 nmethod 5558 0x000002812631bc10 code [0x000002812631bdc0, 0x000002812631bf48]
Event: 7.818 Thread 0x000002813cc30fb0 5560       3       java.lang.invoke.AbstractValidatingLambdaMetafactory::checkDescriptor (133 bytes)
Event: 7.819 Thread 0x000002813cc086d0 5563       4       sun.invoke.util.VerifyAccess::isSamePackage (37 bytes)
Event: 7.819 Thread 0x000002813cc30fb0 nmethod 5560 0x000002812631c010 code [0x000002812631c460, 0x000002812631e898]
Event: 7.819 Thread 0x000002813cc30fb0 5561       3       java.lang.invoke.MethodHandles$Lookup::getDirectConstructor (10 bytes)
Event: 7.819 Thread 0x000002813cc30fb0 nmethod 5561 0x000002812631f410 code [0x000002812631f5c0, 0x000002812631f700]
Event: 7.819 Thread 0x000002813cc30fb0 5562       3       java.lang.invoke.SimpleMethodHandle::speciesData (4 bytes)
Event: 7.819 Thread 0x000002813cc30fb0 nmethod 5562 0x000002812631f790 code [0x000002812631f920, 0x000002812631fa38]
Event: 7.820 Thread 0x000002813cc30fb0 5564       3       java.lang.invoke.MethodHandles::identity (87 bytes)
Event: 7.820 Thread 0x000002813cc30fb0 nmethod 5564 0x000002812631fb10 code [0x000002812631fd20, 0x0000028126320160]
Event: 7.835 Thread 0x000002813cc086d0 nmethod 5563 0x000002812d6f1290 code [0x000002812d6f1500, 0x000002812d6f2a00]
Event: 7.837 Thread 0x000002813cc30fb0 5565       3       java.util.jar.Manifest::read (411 bytes)
Event: 7.838 Thread 0x000002813cc30fb0 nmethod 5565 0x0000028126320390 code [0x0000028126320880, 0x0000028126322dd0]
Event: 7.843 Thread 0x000002813cc086d0 5566       4       jdk.internal.org.objectweb.asm.SymbolTable::addConstantMethodref (24 bytes)
Event: 7.844 Thread 0x000002813cc086d0 nmethod 5566 0x000002812d6f3310 code [0x000002812d6f34a0, 0x000002812d6f3570]

GC Heap History (20 events):
Event: 6.181 GC heap after
{Heap after GC invocations=33 (full 0):
 garbage-first heap   total 172032K, used 40474K [0x0000000700000000, 0x0000000800000000)
  region size 2048K, 3 young (6144K), 3 survivors (6144K)
 Metaspace       used 51688K, committed 52992K, reserved 1114112K
  class space    used 6691K, committed 7360K, reserved 1048576K
}
Event: 6.338 GC heap before
{Heap before GC invocations=33 (full 0):
 garbage-first heap   total 172032K, used 136730K [0x0000000700000000, 0x0000000800000000)
  region size 2048K, 50 young (102400K), 3 survivors (6144K)
 Metaspace       used 51689K, committed 52992K, reserved 1114112K
  class space    used 6691K, committed 7360K, reserved 1048576K
}
Event: 6.340 GC heap after
{Heap after GC invocations=34 (full 0):
 garbage-first heap   total 172032K, used 40526K [0x0000000700000000, 0x0000000800000000)
  region size 2048K, 3 young (6144K), 3 survivors (6144K)
 Metaspace       used 51689K, committed 52992K, reserved 1114112K
  class space    used 6691K, committed 7360K, reserved 1048576K
}
Event: 6.495 GC heap before
{Heap before GC invocations=34 (full 0):
 garbage-first heap   total 172032K, used 136782K [0x0000000700000000, 0x0000000800000000)
  region size 2048K, 50 young (102400K), 3 survivors (6144K)
 Metaspace       used 51689K, committed 52992K, reserved 1114112K
  class space    used 6691K, committed 7360K, reserved 1048576K
}
Event: 6.497 GC heap after
{Heap after GC invocations=35 (full 0):
 garbage-first heap   total 172032K, used 40774K [0x0000000700000000, 0x0000000800000000)
  region size 2048K, 3 young (6144K), 3 survivors (6144K)
 Metaspace       used 51689K, committed 52992K, reserved 1114112K
  class space    used 6691K, committed 7360K, reserved 1048576K
}
Event: 6.634 GC heap before
{Heap before GC invocations=35 (full 0):
 garbage-first heap   total 172032K, used 137030K [0x0000000700000000, 0x0000000800000000)
  region size 2048K, 50 young (102400K), 3 survivors (6144K)
 Metaspace       used 51689K, committed 52992K, reserved 1114112K
  class space    used 6691K, committed 7360K, reserved 1048576K
}
Event: 6.636 GC heap after
{Heap after GC invocations=36 (full 0):
 garbage-first heap   total 172032K, used 41117K [0x0000000700000000, 0x0000000800000000)
  region size 2048K, 3 young (6144K), 3 survivors (6144K)
 Metaspace       used 51689K, committed 52992K, reserved 1114112K
  class space    used 6691K, committed 7360K, reserved 1048576K
}
Event: 6.770 GC heap before
{Heap before GC invocations=36 (full 0):
 garbage-first heap   total 172032K, used 137373K [0x0000000700000000, 0x0000000800000000)
  region size 2048K, 50 young (102400K), 3 survivors (6144K)
 Metaspace       used 51689K, committed 52992K, reserved 1114112K
  class space    used 6691K, committed 7360K, reserved 1048576K
}
Event: 6.772 GC heap after
{Heap after GC invocations=37 (full 0):
 garbage-first heap   total 172032K, used 41186K [0x0000000700000000, 0x0000000800000000)
  region size 2048K, 3 young (6144K), 3 survivors (6144K)
 Metaspace       used 51689K, committed 52992K, reserved 1114112K
  class space    used 6691K, committed 7360K, reserved 1048576K
}
Event: 6.889 GC heap before
{Heap before GC invocations=37 (full 0):
 garbage-first heap   total 172032K, used 137442K [0x0000000700000000, 0x0000000800000000)
  region size 2048K, 50 young (102400K), 3 survivors (6144K)
 Metaspace       used 51689K, committed 52992K, reserved 1114112K
  class space    used 6691K, committed 7360K, reserved 1048576K
}
Event: 6.890 GC heap after
{Heap after GC invocations=38 (full 0):
 garbage-first heap   total 172032K, used 41363K [0x0000000700000000, 0x0000000800000000)
  region size 2048K, 3 young (6144K), 3 survivors (6144K)
 Metaspace       used 51689K, committed 52992K, reserved 1114112K
  class space    used 6691K, committed 7360K, reserved 1048576K
}
Event: 7.017 GC heap before
{Heap before GC invocations=38 (full 0):
 garbage-first heap   total 172032K, used 137619K [0x0000000700000000, 0x0000000800000000)
  region size 2048K, 50 young (102400K), 3 survivors (6144K)
 Metaspace       used 51691K, committed 52992K, reserved 1114112K
  class space    used 6691K, committed 7360K, reserved 1048576K
}
Event: 7.018 GC heap after
{Heap after GC invocations=39 (full 0):
 garbage-first heap   total 172032K, used 41434K [0x0000000700000000, 0x0000000800000000)
  region size 2048K, 3 young (6144K), 3 survivors (6144K)
 Metaspace       used 51691K, committed 52992K, reserved 1114112K
  class space    used 6691K, committed 7360K, reserved 1048576K
}
Event: 7.203 GC heap before
{Heap before GC invocations=39 (full 0):
 garbage-first heap   total 172032K, used 137690K [0x0000000700000000, 0x0000000800000000)
  region size 2048K, 50 young (102400K), 3 survivors (6144K)
 Metaspace       used 51691K, committed 52992K, reserved 1114112K
  class space    used 6691K, committed 7360K, reserved 1048576K
}
Event: 7.204 GC heap after
{Heap after GC invocations=40 (full 0):
 garbage-first heap   total 172032K, used 41655K [0x0000000700000000, 0x0000000800000000)
  region size 2048K, 3 young (6144K), 3 survivors (6144K)
 Metaspace       used 51691K, committed 52992K, reserved 1114112K
  class space    used 6691K, committed 7360K, reserved 1048576K
}
Event: 7.319 GC heap before
{Heap before GC invocations=40 (full 0):
 garbage-first heap   total 172032K, used 137911K [0x0000000700000000, 0x0000000800000000)
  region size 2048K, 50 young (102400K), 3 survivors (6144K)
 Metaspace       used 51691K, committed 52992K, reserved 1114112K
  class space    used 6691K, committed 7360K, reserved 1048576K
}
Event: 7.321 GC heap after
{Heap after GC invocations=41 (full 0):
 garbage-first heap   total 172032K, used 41789K [0x0000000700000000, 0x0000000800000000)
  region size 2048K, 2 young (4096K), 2 survivors (4096K)
 Metaspace       used 51691K, committed 52992K, reserved 1114112K
  class space    used 6691K, committed 7360K, reserved 1048576K
}
Event: 7.435 GC heap before
{Heap before GC invocations=41 (full 0):
 garbage-first heap   total 172032K, used 140093K [0x0000000700000000, 0x0000000800000000)
  region size 2048K, 50 young (102400K), 2 survivors (4096K)
 Metaspace       used 51691K, committed 52992K, reserved 1114112K
  class space    used 6691K, committed 7360K, reserved 1048576K
}
Event: 7.436 GC heap after
{Heap after GC invocations=42 (full 0):
 garbage-first heap   total 172032K, used 41814K [0x0000000700000000, 0x0000000800000000)
  region size 2048K, 2 young (4096K), 2 survivors (4096K)
 Metaspace       used 51691K, committed 52992K, reserved 1114112K
  class space    used 6691K, committed 7360K, reserved 1048576K
}
Event: 7.850 GC heap before
{Heap before GC invocations=42 (full 0):
 garbage-first heap   total 172032K, used 119638K [0x0000000700000000, 0x0000000800000000)
  region size 2048K, 41 young (83968K), 2 survivors (4096K)
 Metaspace       used 59494K, committed 60736K, reserved 1114112K
  class space    used 7626K, committed 8256K, reserved 1048576K
}

Dll operation events (3 events):
Event: 0.006 Loaded shared library D:\Android\jbr\bin\java.dll
Event: 0.009 Loaded shared library D:\Android\jbr\bin\zip.dll
Event: 0.296 Loaded shared library D:\Android\jbr\bin\verify.dll

Deoptimization events (20 events):
Event: 7.542 Thread 0x0000028142b39b10 DEOPT PACKING pc=0x000002812d597b54 sp=0x000000e4eabf65c0
Event: 7.542 Thread 0x0000028142b39b10 DEOPT UNPACKING pc=0x000002812cdc7da2 sp=0x000000e4eabf6588 mode 2
Event: 7.545 Thread 0x0000028142b39b10 DEOPT PACKING pc=0x0000028125d1d6f6 sp=0x000000e4eabf5c60
Event: 7.545 Thread 0x0000028142b39b10 DEOPT UNPACKING pc=0x000002812cdc88e2 sp=0x000000e4eabf51a8 mode 0
Event: 7.625 Thread 0x0000028142b39b10 Uncommon trap: trap_request=0xffffff45 fr.pc=0x000002812d342590 relative=0x0000000000000070
Event: 7.625 Thread 0x0000028142b39b10 Uncommon trap: reason=unstable_if action=reinterpret pc=0x000002812d342590 method=java.io.WinNTFileSystem.isSlash(C)Z @ 9 c2
Event: 7.625 Thread 0x0000028142b39b10 DEOPT PACKING pc=0x000002812d342590 sp=0x000000e4eabf61a0
Event: 7.625 Thread 0x0000028142b39b10 DEOPT UNPACKING pc=0x000002812cdc7da2 sp=0x000000e4eabf6118 mode 2
Event: 7.747 Thread 0x0000028142b39b10 Uncommon trap: trap_request=0xffffffde fr.pc=0x000002812d430f28 relative=0x00000000000002c8
Event: 7.747 Thread 0x0000028142b39b10 Uncommon trap: reason=class_check action=maybe_recompile pc=0x000002812d430f28 method=java.util.Collections$SetFromMap.remove(Ljava/lang/Object;)Z @ 5 c2
Event: 7.747 Thread 0x0000028142b39b10 DEOPT PACKING pc=0x000002812d430f28 sp=0x000000e4eabf5c00
Event: 7.747 Thread 0x0000028142b39b10 DEOPT UNPACKING pc=0x000002812cdc7da2 sp=0x000000e4eabf5be8 mode 2
Event: 7.749 Thread 0x0000028142b39b10 Uncommon trap: trap_request=0xffffffde fr.pc=0x000002812d430f28 relative=0x00000000000002c8
Event: 7.749 Thread 0x0000028142b39b10 Uncommon trap: reason=class_check action=maybe_recompile pc=0x000002812d430f28 method=java.util.Collections$SetFromMap.remove(Ljava/lang/Object;)Z @ 5 c2
Event: 7.749 Thread 0x0000028142b39b10 DEOPT PACKING pc=0x000002812d430f28 sp=0x000000e4eabf5840
Event: 7.749 Thread 0x0000028142b39b10 DEOPT UNPACKING pc=0x000002812cdc7da2 sp=0x000000e4eabf5828 mode 2
Event: 7.778 Thread 0x0000028142b39b10 Uncommon trap: trap_request=0xffffff45 fr.pc=0x000002812d3f23c0 relative=0x0000000000000140
Event: 7.778 Thread 0x0000028142b39b10 Uncommon trap: reason=unstable_if action=reinterpret pc=0x000002812d3f23c0 method=sun.invoke.util.VerifyAccess.isTypeVisible(Ljava/lang/Class;Ljava/lang/Class;)Z @ 77 c2
Event: 7.778 Thread 0x0000028142b39b10 DEOPT PACKING pc=0x000002812d3f23c0 sp=0x000000e4eabf3f50
Event: 7.778 Thread 0x0000028142b39b10 DEOPT UNPACKING pc=0x000002812cdc7da2 sp=0x000000e4eabf3ed0 mode 2

Classes loaded (20 events):
Event: 7.703 Loading class java/util/EmptyStackException
Event: 7.703 Loading class java/util/EmptyStackException done
Event: 7.750 Loading class java/util/AbstractMap$1
Event: 7.750 Loading class java/util/AbstractMap$1 done
Event: 7.758 Loading class java/util/Collections$SynchronizedRandomAccessList
Event: 7.758 Loading class java/util/Collections$SynchronizedList
Event: 7.758 Loading class java/util/Collections$SynchronizedList done
Event: 7.758 Loading class java/util/Collections$SynchronizedRandomAccessList done
Event: 7.761 Loading class javax/xml/stream/XMLStreamException
Event: 7.761 Loading class javax/xml/stream/XMLStreamException done
Event: 7.763 Loading class javax/xml/stream/Location
Event: 7.763 Loading class javax/xml/stream/Location done
Event: 7.764 Loading class javax/xml/namespace/NamespaceContext
Event: 7.764 Loading class javax/xml/namespace/NamespaceContext done
Event: 7.764 Loading class javax/xml/stream/XMLStreamConstants
Event: 7.764 Loading class javax/xml/stream/XMLStreamConstants done
Event: 7.766 Loading class java/io/CharConversionException
Event: 7.766 Loading class java/io/CharConversionException done
Event: 7.767 Loading class javax/xml/stream/XMLStreamReader
Event: 7.767 Loading class javax/xml/stream/XMLStreamReader done

Classes unloaded (0 events):
No events

Classes redefined (0 events):
No events

Internal exceptions (20 events):
Event: 2.936 Thread 0x0000028142b39b10 Exception <a 'java/lang/NoSuchMethodError'{0x0000000702b1aa60}: 'java.lang.Object java.lang.invoke.Invokers$Holder.invoker(java.lang.Object, java.lang.Object, java.lang.Object, java.lang.Object, java.lang.Object, java.lang.Object, java.lang.Object, java.lang.Object, java.lang.Object)'> (0x0000000702b1aa60) 
thrown [s\src\hotspot\share\interpreter\linkResolver.cpp, line 784]
Event: 2.947 Thread 0x0000028142b39b10 Exception <a 'java/lang/NoSuchMethodError'{0x0000000702860d50}: 'java.lang.Object java.lang.invoke.DirectMethodHandle$Holder.invokeSpecial(java.lang.Object, java.lang.Object, java.lang.Object, java.lang.Object, java.lang.Object, java.lang.Object, java.lang.Object, java.lang.Object, java.lang.Object, java.lang.Object, java.lang.Object, java.lang.Object, java.lang.Object, java.lang.Object, java.lang.Object, java.lang.Object, java.lang.Object, java.lang.Object, java.lang.Object, java.lang.Object, java.lang.Ob
Event: 2.947 Thread 0x0000028142b39b10 Exception <a 'java/lang/NoSuchMethodError'{0x0000000702866fe0}: 'java.lang.Object java.lang.invoke.DelegatingMethodHandle$Holder.reinvoke_L(java.lang.Object, java.lang.Object, java.lang.Object, java.lang.Object, java.lang.Object, java.lang.Object, java.lang.Object, java.lang.Object, java.lang.Object, java.lang.Object, java.lang.Object, java.lang.Object, java.lang.Object, java.lang.Object, java.lang.Object, java.lang.Object, java.lang.Object, java.lang.Object, java.lang.Object, java.lang.Object, java.lang.O
Event: 2.947 Thread 0x0000028142b39b10 Exception <a 'java/lang/NoSuchMethodError'{0x00000007028720d8}: 'java.lang.Object java.lang.invoke.Invokers$Holder.invoker(java.lang.Object, java.lang.Object, java.lang.Object, java.lang.Object, java.lang.Object, java.lang.Object, java.lang.Object, java.lang.Object, java.lang.Object, java.lang.Object, java.lang.Object, java.lang.Object, java.lang.Object, java.lang.Object, java.lang.Object, java.lang.Object, java.lang.Object, java.lang.Object, java.lang.Object, java.lang.Object, java.lang.Object, java.lang.
Event: 2.947 Thread 0x0000028142b39b10 Exception <a 'java/lang/NoSuchMethodError'{0x0000000702878888}: 'java.lang.Object java.lang.invoke.DelegatingMethodHandle$Holder.delegate(java.lang.Object, java.lang.Object, java.lang.Object, java.lang.Object, java.lang.Object, java.lang.Object, java.lang.Object, java.lang.Object, java.lang.Object, java.lang.Object, java.lang.Object, java.lang.Object, java.lang.Object, java.lang.Object, java.lang.Object, java.lang.Object, java.lang.Object, java.lang.Object, java.lang.Object, java.lang.Object, java.lang.Obj
Event: 3.052 Thread 0x0000028142b39b10 Implicit null exception at 0x000002812d3ca66f to 0x000002812d3cb21c
Event: 5.511 Thread 0x0000028142b39b10 Exception <a 'java/lang/NoSuchMethodError'{0x0000000704ace818}: 'void java.lang.invoke.DirectMethodHandle$Holder.invokeVirtual(java.lang.Object, java.lang.Object)'> (0x0000000704ace818) 
thrown [s\src\hotspot\share\interpreter\linkResolver.cpp, line 784]
Event: 7.605 Thread 0x0000028142b39b10 Exception <a 'sun/nio/fs/WindowsException'{0x00000007075e11c8}> (0x00000007075e11c8) 
thrown [s\src\hotspot\share\prims\jni.cpp, line 535]
Event: 7.605 Thread 0x0000028142b39b10 Exception <a 'sun/nio/fs/WindowsException'{0x00000007075e2ef8}> (0x00000007075e2ef8) 
thrown [s\src\hotspot\share\prims\jni.cpp, line 535]
Event: 7.653 Thread 0x0000028142b39b10 Exception <a 'java/lang/NoSuchMethodError'{0x0000000706f19498}: 'java.lang.Object java.lang.invoke.DirectMethodHandle$Holder.invokeStaticInit(java.lang.Object, int)'> (0x0000000706f19498) 
thrown [s\src\hotspot\share\interpreter\linkResolver.cpp, line 784]
Event: 7.666 Thread 0x0000028142b39b10 Exception <a 'java/lang/NoSuchMethodError'{0x0000000706d27690}: 'long java.lang.invoke.DirectMethodHandle$Holder.invokeStatic(java.lang.Object)'> (0x0000000706d27690) 
thrown [s\src\hotspot\share\interpreter\linkResolver.cpp, line 784]
Event: 7.667 Thread 0x0000028142b39b10 Exception <a 'java/lang/NoSuchMethodError'{0x0000000706d2bf60}: 'long java.lang.invoke.DirectMethodHandle$Holder.invokeStaticInit(java.lang.Object)'> (0x0000000706d2bf60) 
thrown [s\src\hotspot\share\interpreter\linkResolver.cpp, line 784]
Event: 7.699 Thread 0x0000028142b39b10 Exception <a 'java/lang/NoSuchMethodError'{0x00000007066abfc8}: 'long java.lang.invoke.Invokers$Holder.invoke_MT(java.lang.Object, java.lang.Object, java.lang.Object, java.lang.Object)'> (0x00000007066abfc8) 
thrown [s\src\hotspot\share\interpreter\linkResolver.cpp, line 784]
Event: 7.699 Thread 0x0000028142b39b10 Exception <a 'java/lang/NoSuchMethodError'{0x00000007066b4d10}: 'int java.lang.invoke.Invokers$Holder.invoke_MT(java.lang.Object, java.lang.Object, java.lang.Object, java.lang.Object)'> (0x00000007066b4d10) 
thrown [s\src\hotspot\share\interpreter\linkResolver.cpp, line 784]
Event: 7.700 Thread 0x0000028142b39b10 Exception <a 'java/lang/NoSuchMethodError'{0x00000007066c4708}: 'void java.lang.invoke.DelegatingMethodHandle$Holder.reinvoke_L(java.lang.Object, java.lang.Object, java.lang.Object, long, java.lang.Object)'> (0x00000007066c4708) 
thrown [s\src\hotspot\share\interpreter\linkResolver.cpp, line 784]
Event: 7.700 Thread 0x0000028142b39b10 Exception <a 'java/lang/NoSuchMethodError'{0x00000007066cc9d0}: 'java.lang.Object java.lang.invoke.DirectMethodHandle$Holder.invokeSpecial(java.lang.Object, java.lang.Object, java.lang.Object, java.lang.Object, long)'> (0x00000007066cc9d0) 
thrown [s\src\hotspot\share\interpreter\linkResolver.cpp, line 784]
Event: 7.700 Thread 0x0000028142b39b10 Exception <a 'java/lang/NoSuchMethodError'{0x00000007066dc728}: 'int java.lang.invoke.DelegatingMethodHandle$Holder.reinvoke_L(java.lang.Object, java.lang.Object, java.lang.Object, long, java.lang.Object, java.lang.Object)'> (0x00000007066dc728) 
thrown [s\src\hotspot\share\interpreter\linkResolver.cpp, line 784]
Event: 7.701 Thread 0x0000028142b39b10 Exception <a 'java/lang/NoSuchMethodError'{0x00000007066ebae0}: 'int java.lang.invoke.DelegatingMethodHandle$Holder.reinvoke_L(java.lang.Object, java.lang.Object, java.lang.Object, long, int, int)'> (0x00000007066ebae0) 
thrown [s\src\hotspot\share\interpreter\linkResolver.cpp, line 784]
Event: 7.701 Thread 0x0000028142b39b10 Exception <a 'java/lang/NoSuchMethodError'{0x00000007066fac48}: 'int java.lang.invoke.DelegatingMethodHandle$Holder.reinvoke_L(java.lang.Object, java.lang.Object, java.lang.Object, long, long, long)'> (0x00000007066fac48) 
thrown [s\src\hotspot\share\interpreter\linkResolver.cpp, line 784]
Event: 7.701 Thread 0x0000028142b39b10 Exception <a 'java/lang/NoSuchMethodError'{0x0000000706709cf0}: 'int java.lang.invoke.DelegatingMethodHandle$Holder.reinvoke_L(java.lang.Object, java.lang.Object, java.lang.Object, long, int)'> (0x0000000706709cf0) 
thrown [s\src\hotspot\share\interpreter\linkResolver.cpp, line 784]

ZGC Phase Switch (0 events):
No events

VM Operations (20 events):
Event: 6.890 Executing VM operation: G1CollectForAllocation (G1 Evacuation Pause) done
Event: 7.017 Executing VM operation: G1CollectForAllocation (G1 Evacuation Pause)
Event: 7.018 Executing VM operation: G1CollectForAllocation (G1 Evacuation Pause) done
Event: 7.203 Executing VM operation: G1CollectForAllocation (G1 Evacuation Pause)
Event: 7.204 Executing VM operation: G1CollectForAllocation (G1 Evacuation Pause) done
Event: 7.319 Executing VM operation: G1CollectForAllocation (G1 Evacuation Pause)
Event: 7.321 Executing VM operation: G1CollectForAllocation (G1 Evacuation Pause) done
Event: 7.435 Executing VM operation: G1CollectForAllocation (G1 Evacuation Pause)
Event: 7.436 Executing VM operation: G1CollectForAllocation (G1 Evacuation Pause) done
Event: 7.521 Executing VM operation: HandshakeAllThreads (Deoptimize)
Event: 7.521 Executing VM operation: HandshakeAllThreads (Deoptimize) done
Event: 7.603 Executing VM operation: HandshakeAllThreads (Deoptimize)
Event: 7.603 Executing VM operation: HandshakeAllThreads (Deoptimize) done
Event: 7.637 Executing VM operation: HandshakeAllThreads (Deoptimize)
Event: 7.637 Executing VM operation: HandshakeAllThreads (Deoptimize) done
Event: 7.725 Executing VM operation: HandshakeAllThreads (Deoptimize)
Event: 7.725 Executing VM operation: HandshakeAllThreads (Deoptimize) done
Event: 7.726 Executing VM operation: HandshakeAllThreads (Deoptimize)
Event: 7.726 Executing VM operation: HandshakeAllThreads (Deoptimize) done
Event: 7.850 Executing VM operation: CollectForMetadataAllocation (Metadata GC Threshold)

Events (20 events):
Event: 2.246 Thread 0x000002813c6cd680 flushing nmethod 0x000002812d31bc10
Event: 2.246 Thread 0x000002813c6cd680 flushing nmethod 0x000002812d350790
Event: 2.246 Thread 0x000002813c6cd680 flushing nmethod 0x000002812d342c90
Event: 2.246 Thread 0x000002813c6cd680 flushing nmethod 0x000002812d34ee90
Event: 2.246 Thread 0x000002813c6cd680 flushing nmethod 0x000002812d325610
Event: 2.246 Thread 0x000002813c6cd680 flushing nmethod 0x000002812d342690
Event: 2.246 Thread 0x000002813c6cd680 flushing nmethod 0x000002812d335e90
Event: 2.246 Thread 0x000002813c6cd680 flushing nmethod 0x000002812d341890
Event: 2.246 Thread 0x000002813c6cd680 flushing nmethod 0x000002812d318590
Event: 2.246 Thread 0x000002813c6cd680 flushing nmethod 0x000002812d31ea10
Event: 2.699 Thread 0x00000281430dc150 Thread added: 0x00000281430dc150
Event: 2.945 Thread 0x00000281430def40 Thread added: 0x00000281430def40
Event: 4.291 Thread 0x00000281412afbe0 Thread exited: 0x00000281412afbe0
Event: 4.349 Thread 0x000002813cf236d0 Thread exited: 0x000002813cf236d0
Event: 4.562 Thread 0x000002813cf236d0 Thread added: 0x000002813cf236d0
Event: 5.502 Thread 0x000002813cf236d0 Thread exited: 0x000002813cf236d0
Event: 5.537 Thread 0x0000028148721860 Thread added: 0x0000028148721860
Event: 6.213 Thread 0x0000028148721860 Thread exited: 0x0000028148721860
Event: 7.543 Thread 0x00000281475cd720 Thread added: 0x00000281475cd720
Event: 7.665 Thread 0x00000281475cd720 Thread exited: 0x00000281475cd720


Dynamic libraries:
0x00007ff736c10000 - 0x00007ff736c1a000 	D:\Android\jbr\bin\java.exe
0x00007ff8832b0000 - 0x00007ff8834c7000 	C:\WINDOWS\SYSTEM32\ntdll.dll
0x00007ff85c320000 - 0x00007ff85c33a000 	C:\Program Files\Avast Software\Avast\aswhook.dll
0x00007ff8816b0000 - 0x00007ff881774000 	C:\WINDOWS\System32\KERNEL32.DLL
0x00007ff880c10000 - 0x00007ff880fc9000 	C:\WINDOWS\System32\KERNELBASE.dll
0x00007ff880860000 - 0x00007ff880971000 	C:\WINDOWS\System32\ucrtbase.dll
0x00007ff876790000 - 0x00007ff8767a8000 	D:\Android\jbr\bin\jli.dll
0x00007ff879de0000 - 0x00007ff879dfb000 	D:\Android\jbr\bin\VCRUNTIME140.dll
0x00007ff882a80000 - 0x00007ff882c2e000 	C:\WINDOWS\System32\USER32.dll
0x00007ff880a70000 - 0x00007ff880a96000 	C:\WINDOWS\System32\win32u.dll
0x00007ff856c40000 - 0x00007ff856ed2000 	C:\WINDOWS\WinSxS\amd64_microsoft.windows.common-controls_6595b64144ccf1df_6.0.22621.4391_none_2715d37f73803e96\COMCTL32.dll
0x00007ff882630000 - 0x00007ff882659000 	C:\WINDOWS\System32\GDI32.dll
0x00007ff880fd0000 - 0x00007ff881077000 	C:\WINDOWS\System32\msvcrt.dll
0x00007ff880620000 - 0x00007ff88073b000 	C:\WINDOWS\System32\gdi32full.dll
0x00007ff8807c0000 - 0x00007ff88085a000 	C:\WINDOWS\System32\msvcp_win.dll
0x00007ff883230000 - 0x00007ff883261000 	C:\WINDOWS\System32\IMM32.DLL
0x00007ff879e80000 - 0x00007ff879e8c000 	D:\Android\jbr\bin\vcruntime140_1.dll
0x00007ff876610000 - 0x00007ff87669d000 	D:\Android\jbr\bin\msvcp140.dll
0x00007ff821ec0000 - 0x00007ff822b3d000 	D:\Android\jbr\bin\server\jvm.dll
0x00007ff881280000 - 0x00007ff881332000 	C:\WINDOWS\System32\ADVAPI32.dll
0x00007ff882660000 - 0x00007ff882707000 	C:\WINDOWS\System32\sechost.dll
0x00007ff880980000 - 0x00007ff8809a8000 	C:\WINDOWS\System32\bcrypt.dll
0x00007ff881780000 - 0x00007ff881894000 	C:\WINDOWS\System32\RPCRT4.dll
0x00007ff882c30000 - 0x00007ff882ca1000 	C:\WINDOWS\System32\WS2_32.dll
0x00007ff87fe00000 - 0x00007ff87fe4d000 	C:\WINDOWS\SYSTEM32\POWRPROF.dll
0x00007ff871830000 - 0x00007ff871864000 	C:\WINDOWS\SYSTEM32\WINMM.dll
0x00007ff878b00000 - 0x00007ff878b0a000 	C:\WINDOWS\SYSTEM32\VERSION.dll
0x00007ff87fde0000 - 0x00007ff87fdf3000 	C:\WINDOWS\SYSTEM32\UMPDC.dll
0x00007ff87f510000 - 0x00007ff87f528000 	C:\WINDOWS\SYSTEM32\kernel.appcore.dll
0x00007ff8794f0000 - 0x00007ff8794fa000 	D:\Android\jbr\bin\jimage.dll
0x00007ff870b50000 - 0x00007ff870d82000 	C:\WINDOWS\SYSTEM32\DBGHELP.DLL
0x00007ff8819d0000 - 0x00007ff881d5f000 	C:\WINDOWS\System32\combase.dll
0x00007ff8815c0000 - 0x00007ff881697000 	C:\WINDOWS\System32\OLEAUT32.dll
0x00007ff8707b0000 - 0x00007ff8707e2000 	C:\WINDOWS\SYSTEM32\dbgcore.DLL
0x00007ff880740000 - 0x00007ff8807bb000 	C:\WINDOWS\System32\bcryptPrimitives.dll
0x00007ff8766d0000 - 0x00007ff8766de000 	D:\Android\jbr\bin\instrument.dll
0x00007ff8766b0000 - 0x00007ff8766cf000 	D:\Android\jbr\bin\java.dll
0x00007ff8765f0000 - 0x00007ff876608000 	D:\Android\jbr\bin\zip.dll
0x00007ff881db0000 - 0x00007ff882626000 	C:\WINDOWS\System32\SHELL32.dll
0x00007ff87e4a0000 - 0x00007ff87eda3000 	C:\WINDOWS\SYSTEM32\windows.storage.dll
0x00007ff87e360000 - 0x00007ff87e49f000 	C:\WINDOWS\SYSTEM32\wintypes.dll
0x00007ff883130000 - 0x00007ff883229000 	C:\WINDOWS\System32\SHCORE.dll
0x00007ff881200000 - 0x00007ff88125e000 	C:\WINDOWS\System32\shlwapi.dll
0x00007ff8804e0000 - 0x00007ff88050b000 	C:\WINDOWS\SYSTEM32\profapi.dll
0x00007ff8794e0000 - 0x00007ff8794f0000 	D:\Android\jbr\bin\net.dll
0x00007ff87b370000 - 0x00007ff87b4a6000 	C:\WINDOWS\SYSTEM32\WINHTTP.dll
0x00007ff87fa20000 - 0x00007ff87fa89000 	C:\WINDOWS\system32\mswsock.dll
0x00007ff8761f0000 - 0x00007ff876206000 	D:\Android\jbr\bin\nio.dll
0x00007ff8761d0000 - 0x00007ff8761e0000 	D:\Android\jbr\bin\verify.dll
0x00007ff85de70000 - 0x00007ff85de97000 	C:\Users\User\.gradle\native\68d5fa5c4cc2d200863cafc0d521ce42e7d3e7ee720ec0a83991735586a16f82\windows-amd64\native-platform.dll
0x00007ff84c730000 - 0x00007ff84c874000 	C:\Users\User\.gradle\native\e376f236ea51e6404a007f0833ffe2c6e607c4080706a723a18a27aeea778392\windows-amd64\native-platform-file-events.dll
0x00007ff8766a0000 - 0x00007ff8766a9000 	D:\Android\jbr\bin\management.dll
0x00007ff8765e0000 - 0x00007ff8765eb000 	D:\Android\jbr\bin\management_ext.dll
0x00007ff881270000 - 0x00007ff881278000 	C:\WINDOWS\System32\PSAPI.DLL
0x00007ff87fe60000 - 0x00007ff87fe7b000 	C:\WINDOWS\SYSTEM32\CRYPTSP.dll
0x00007ff87f530000 - 0x00007ff87f565000 	C:\WINDOWS\system32\rsaenh.dll
0x00007ff87fac0000 - 0x00007ff87fae8000 	C:\WINDOWS\SYSTEM32\USERENV.dll
0x00007ff87fdd0000 - 0x00007ff87fddc000 	C:\WINDOWS\SYSTEM32\CRYPTBASE.dll
0x00007ff87f010000 - 0x00007ff87f03d000 	C:\WINDOWS\SYSTEM32\IPHLPAPI.DLL
0x00007ff881260000 - 0x00007ff881269000 	C:\WINDOWS\System32\NSI.dll
0x00007ff877020000 - 0x00007ff877029000 	D:\Android\jbr\bin\extnet.dll
0x00007ff8434a0000 - 0x00007ff8434a8000 	C:\WINDOWS\system32\wshunix.dll

dbghelp: loaded successfully - version: 4.0.5 - missing functions: none
symbol engine: initialized successfully - sym options: 0x614 - pdb path: .;D:\Android\jbr\bin;C:\WINDOWS\SYSTEM32;C:\Program Files\Avast Software\Avast;C:\WINDOWS\WinSxS\amd64_microsoft.windows.common-controls_6595b64144ccf1df_6.0.22621.4391_none_2715d37f73803e96;D:\Android\jbr\bin\server;C:\Users\User\.gradle\native\68d5fa5c4cc2d200863cafc0d521ce42e7d3e7ee720ec0a83991735586a16f82\windows-amd64;C:\Users\User\.gradle\native\e376f236ea51e6404a007f0833ffe2c6e607c4080706a723a18a27aeea778392\windows-amd64

VM Arguments:
jvm_args: -XX:MaxMetaspaceSize=2G -XX:+HeapDumpOnOutOfMemoryError --add-opens=java.base/java.util=ALL-UNNAMED --add-opens=java.base/java.lang=ALL-UNNAMED --add-opens=java.base/java.lang.invoke=ALL-UNNAMED --add-opens=java.prefs/java.util.prefs=ALL-UNNAMED --add-opens=java.base/java.nio.charset=ALL-UNNAMED --add-opens=java.base/java.net=ALL-UNNAMED --add-opens=java.base/java.util.concurrent.atomic=ALL-UNNAMED -Xmx4G -Dfile.encoding=UTF-8 -Duser.country=GB -Duser.language=en -Duser.variant -javaagent:C:\Users\User\.gradle\wrapper\dists\gradle-8.3-all\6en3ugtfdg5xnpx44z4qbwgas\gradle-8.3\lib\agents\gradle-instrumentation-agent-8.3.jar 
java_command: org.gradle.launcher.daemon.bootstrap.GradleDaemon 8.3
java_class_path (initial): C:\Users\User\.gradle\wrapper\dists\gradle-8.3-all\6en3ugtfdg5xnpx44z4qbwgas\gradle-8.3\lib\gradle-launcher-8.3.jar
Launcher Type: SUN_STANDARD

[Global flags]
     intx CICompilerCount                          = 4                                         {product} {ergonomic}
     uint ConcGCThreads                            = 3                                         {product} {ergonomic}
     uint G1ConcRefinementThreads                  = 10                                        {product} {ergonomic}
   size_t G1HeapRegionSize                         = 2097152                                   {product} {ergonomic}
    uintx GCDrainStackTargetSize                   = 64                                        {product} {ergonomic}
     bool HeapDumpOnOutOfMemoryError               = true                                   {manageable} {command line}
   size_t InitialHeapSize                          = 266338304                                 {product} {ergonomic}
   size_t MarkStackSize                            = 4194304                                   {product} {ergonomic}
   size_t MaxHeapSize                              = 4294967296                                {product} {command line}
   size_t MaxMetaspaceSize                         = 2147483648                                {product} {command line}
   size_t MaxNewSize                               = 2575302656                                {product} {ergonomic}
   size_t MinHeapDeltaBytes                        = 2097152                                   {product} {ergonomic}
   size_t MinHeapSize                              = 8388608                                   {product} {ergonomic}
    uintx NonNMethodCodeHeapSize                   = 5839372                                {pd product} {ergonomic}
    uintx NonProfiledCodeHeapSize                  = 122909434                              {pd product} {ergonomic}
    uintx ProfiledCodeHeapSize                     = 122909434                              {pd product} {ergonomic}
    uintx ReservedCodeCacheSize                    = 251658240                              {pd product} {ergonomic}
     bool SegmentedCodeCache                       = true                                      {product} {ergonomic}
   size_t SoftMaxHeapSize                          = 4294967296                             {manageable} {ergonomic}
     bool UseCompressedOops                        = true                           {product lp64_product} {ergonomic}
     bool UseG1GC                                  = true                                      {product} {ergonomic}
     bool UseLargePagesIndividualAllocation        = false                                  {pd product} {ergonomic}

Logging:
Log output configuration:
 #0: stdout all=warning uptime,level,tags foldmultilines=false
 #1: stderr all=off uptime,level,tags foldmultilines=false

Environment Variables:
JAVA_HOME=D:\Android\jbr
CLASSPATH=C:\Users\User\Desktop\ClothesApp-master\android\\gradle\wrapper\gradle-wrapper.jar
PATH=D:\Android\jbr\bin;C:\Program Files\Microsoft SDKs\Azure\CLI2\wbin;C:\ProgramData\Oracle\Java\javapath;C:\Windows\system32;C:\Windows;C:\Windows\System32\Wbem;C:\Windows\System32\WindowsPowerShell\v1.0\;C:\Windows\System32\OpenSSH\;C:\Program Files\NVIDIA Corporation\NVIDIA NvDLISR;C:\WINDOWS\system32;C:\WINDOWS;C:\WINDOWS\System32\Wbem;C:\WINDOWS\System32\WindowsPowerShell\v1.0\;C:\WINDOWS\System32\OpenSSH\;C:\Program Files\dotnet\;C:\Program Files (x86)\NVIDIA Corporation\PhysX\Common;C:\Program Files\Docker\Docker\resources\bin;C:\Users\User\.jdks\openjdk-20.0.1\bin;C:\Program Files\Microsoft SQL Server\Client SDK\ODBC\170\Tools\Binn\;C:\Program Files\Microsoft SQL Server\150\Tools\Binn\;C:\Program Files\Git\cmd;C:\Program Files\PuTTY\;C:\Users\User\AppData\Local\Microsoft\WindowsApps;D:\Microsoft VS Code\bin;C:\Users\User\AppData\Local\Packages\PythonSoftwareFoundation.Python.3.12_qbz5n2kfra8p0\LocalCache\local-packages\Python312\Scripts\django-admin.exe;C:\Users\User\AppData\Local\Packages\PythonSoftwareFoundation.Python.3.12_qbz5n2kfra8p0\LocalCache\local-packages\Python312\Scripts;C:\Users\User\.dotnet\tools;D:\flutter\src\flutter\bin;;D:\flutter\src\flutter\bin\mingit\cmd
USERNAME=User
OS=Windows_NT
PROCESSOR_IDENTIFIER=Intel64 Family 6 Model 167 Stepping 1, GenuineIntel
TMP=C:\Users\User\AppData\Local\Temp
TEMP=C:\Users\User\AppData\Local\Temp




Periodic native trim disabled

JNI global refs:
JNI global refs: 25, weak refs: 0

JNI global refs memory usage: 835, weak refs: 833

Process memory usage:
Resident Set Size: 360892K (2% of 16606956K total physical memory with 453088K free physical memory)

OOME stack traces (most recent first):
Classloader memory used:
Loader org.gradle.internal.classloader.VisitableURLClassLoader                         : 32084K
Loader bootstrap                                                                       : 22785K
Loader org.gradle.initialization.MixInLegacyTypesClassLoader                           : 3825K
Loader jdk.internal.loader.ClassLoaders$PlatformClassLoader                            : 513K
Loader jdk.internal.loader.ClassLoaders$AppClassLoader                                 : 227K
Loader org.gradle.groovy.scripts.internal.DefaultScriptCompilationHandler$ScriptClassLoader: 41896B
Loader org.codehaus.groovy.runtime.callsite.CallSiteClassLoader                        : 17152B

Classes loaded by more than one classloader:
Class org.gradle.internal.classloader.FilteringClassLoader                            : loaded 2 times (x 102B)
Class org.gradle.internal.classloader.ClassLoaderHierarchy                            : loaded 2 times (x 67B)
Class org.gradle.api.internal.classpath.ManifestUtil                                  : loaded 2 times (x 68B)
Class org.gradle.internal.classloader.DefaultClassLoaderFactory                       : loaded 2 times (x 79B)
Class org.gradle.internal.classloader.ClassLoaderVisitor                              : loaded 2 times (x 73B)
Class org.gradle.api.internal.classpath.EffectiveClassPath                            : loaded 2 times (x 87B)
Class org.gradle.api.internal.DefaultClassPathProvider                                : loaded 2 times (x 73B)
Class [Lorg.gradle.api.internal.ClassPathProvider;                                    : loaded 2 times (x 66B)
Class org.gradle.api.internal.ClassPathProvider                                       : loaded 2 times (x 67B)
Class org.gradle.internal.service.UnknownServiceException                             : loaded 2 times (x 80B)
Class org.gradle.internal.classpath.TransformedClassPath                              : loaded 2 times (x 93B)
Class org.gradle.internal.service.ServiceLocator                                      : loaded 2 times (x 67B)
Class org.gradle.internal.InternalTransformer                                         : loaded 2 times (x 67B)
Class org.gradle.internal.classloader.ClasspathUtil$1                                 : loaded 2 times (x 73B)
Class org.gradle.api.internal.classpath.DefaultModuleRegistry$DefaultModule           : loaded 2 times (x 83B)
Class org.gradle.api.internal.classpath.Module                                        : loaded 2 times (x 67B)
Class org.gradle.api.internal.classpath.UnknownModuleException                        : loaded 2 times (x 79B)
Class org.gradle.cache.GlobalCache                                                    : loaded 2 times (x 67B)
Class org.gradle.api.internal.DefaultClassPathRegistry                                : loaded 2 times (x 73B)
Class org.gradle.api.internal.ClassPathRegistry                                       : loaded 2 times (x 67B)
Class org.gradle.internal.classpath.DefaultClassPath$ImmutableUniqueList              : loaded 2 times (x 196B)
Class org.gradle.internal.classpath.ClassPath                                         : loaded 2 times (x 67B)
Class org.gradle.api.UncheckedIOException                                             : loaded 2 times (x 79B)
Class org.gradle.internal.installation.GradleInstallation$1                           : loaded 2 times (x 72B)
Class org.gradle.api.internal.classpath.ModuleRegistry                                : loaded 2 times (x 67B)
Class org.gradle.api.internal.classpath.DefaultModuleRegistry                         : loaded 2 times (x 83B)
Class org.gradle.internal.service.ServiceLookupException                              : loaded 2 times (x 79B)
Class org.gradle.internal.classloader.ClassLoaderFactory                              : loaded 2 times (x 67B)
Class org.gradle.internal.service.CachingServiceLocator                               : loaded 2 times (x 79B)
Class org.gradle.internal.classloader.ClasspathUtil                                   : loaded 2 times (x 68B)
Class org.gradle.api.specs.Spec                                                       : loaded 2 times (x 67B)
Class org.gradle.internal.classloader.VisitableURLClassLoader$InstrumentingVisitableURLClassLoader: loaded 2 times (x 120B)
Class org.gradle.internal.classloader.VisitableURLClassLoader$Spec                    : loaded 2 times (x 71B)
Class org.gradle.internal.classpath.DefaultClassPath                                  : loaded 2 times (x 87B)
Class org.gradle.internal.classloader.ClassLoaderSpec                                 : loaded 2 times (x 68B)
Class org.gradle.internal.classloader.VisitableURLClassLoader                         : loaded 2 times (x 114B)
Class org.gradle.internal.Cast                                                        : loaded 2 times (x 68B)
Class org.gradle.api.Action                                                           : loaded 2 times (x 67B)
Class org.gradle.internal.agents.InstrumentingClassLoader                             : loaded 2 times (x 67B)
Class org.gradle.internal.classpath.DefaultClassPath$ImmutableUniqueList$Builder      : loaded 2 times (x 72B)
Class org.gradle.api.GradleException                                                  : loaded 2 times (x 79B)
Class org.gradle.internal.IoActions                                                   : loaded 2 times (x 68B)
Class org.gradle.internal.classloader.SystemClassLoaderSpec                           : loaded 2 times (x 68B)
Class org.gradle.internal.installation.CurrentGradleInstallationLocator               : loaded 2 times (x 68B)
Class org.gradle.internal.service.DefaultServiceLocator                               : loaded 2 times (x 80B)
Class org.gradle.internal.installation.CurrentGradleInstallation                      : loaded 2 times (x 70B)
Class org.gradle.util.internal.GUtil                                                  : loaded 2 times (x 68B)
Class org.gradle.internal.installation.GradleInstallation                             : loaded 2 times (x 72B)

---------------  S Y S T E M  ---------------

OS:
 Windows 11 , 64 bit Build 22621 (10.0.22621.4391)
OS uptime: 0 days 1:21 hours
Hyper-V role detected

CPU: total 12 (initial active 12) (6 cores per cpu, 2 threads per core) family 6 model 167 stepping 1 microcode 0x50, cx8, cmov, fxsr, ht, mmx, 3dnowpref, sse, sse2, sse3, ssse3, sse4.1, sse4.2, popcnt, lzcnt, tsc, tscinvbit, avx, avx2, aes, erms, clmul, bmi1, bmi2, adx, avx512f, avx512dq, avx512cd, avx512bw, avx512vl, sha, fma, vzeroupper, avx512_vpopcntdq, avx512_vpclmulqdq, avx512_vaes, avx512_vnni, clflush, clflushopt, avx512_vbmi2, avx512_vbmi, hv, rdtscp, rdpid, fsrm, gfni, avx512_bitalg, f16c, avx512_ifma
Processor Information for all 12 processors :
  Max Mhz: 2592, Current Mhz: 2592, Mhz Limit: 2592

Memory: 4k page, system-wide physical 16217M (442M free)
TotalPageFile size 18265M (AvailPageFile size 16M)
current process WorkingSet (physical memory assigned to process): 352M, peak: 354M
current process commit charge ("private bytes"): 390M, peak: 425M

vm_info: OpenJDK 64-Bit Server VM (21.0.3+-12282718-b509.11) for windows-amd64 JRE (21.0.3+-12282718-b509.11), built on 2024-08-27T17:34:15Z by "builder" with MS VC++ 16.10 / 16.11 (VS2019)

END.
