#
# There is insufficient memory for the Java Runtime Environment to continue.
# Native memory allocation (malloc) failed to allocate 1451056 bytes. Error detail: Chunk::new
# Possible reasons:
#   The system is out of physical RAM or swap space
#   This process is running with CompressedOops enabled, and the Java Heap may be blocking the growth of the native heap
# Possible solutions:
#   Reduce memory load on the system
#   Increase physical memory or swap space
#   Check if swap backing store is full
#   Decrease Java heap size (-Xmx/-Xms)
#   Decrease number of Java threads
#   Decrease Java thread stack sizes (-Xss)
#   Set larger code cache with -XX:ReservedCodeCacheSize=
#   JVM is running with Zero Based Compressed Oops mode in which the Java heap is
#     placed in the first 32GB address space. The Java Heap base address is the
#     maximum limit for the native heap growth. Please use -XX:HeapBaseMinAddress
#     to set the Java Heap base and to place the Java Heap above 32GB virtual address.
# This output file may be truncated or incomplete.
#
#  Out of Memory Error (arena.cpp:168), pid=1748, tid=17660
#
# JRE version: OpenJDK Runtime Environment (21.0.3) (build 21.0.3+-12282718-b509.11)
# Java VM: OpenJDK 64-Bit Server VM (21.0.3+-12282718-b509.11, mixed mode, tiered, compressed oops, compressed class ptrs, g1 gc, windows-amd64)
# No core dump will be written. Minidumps are not enabled by default on client versions of Windows
#

---------------  S U M M A R Y ------------

Command Line: -XX:MaxMetaspaceSize=2G -XX:+HeapDumpOnOutOfMemoryError --add-opens=java.base/java.util=ALL-UNNAMED --add-opens=java.base/java.lang=ALL-UNNAMED --add-opens=java.base/java.lang.invoke=ALL-UNNAMED --add-opens=java.prefs/java.util.prefs=ALL-UNNAMED --add-opens=java.base/java.nio.charset=ALL-UNNAMED --add-opens=java.base/java.net=ALL-UNNAMED --add-opens=java.base/java.util.concurrent.atomic=ALL-UNNAMED -Xmx4G -Dfile.encoding=UTF-8 -Duser.country=GB -Duser.language=en -Duser.variant -javaagent:C:\Users\User\.gradle\wrapper\dists\gradle-8.3-all\6en3ugtfdg5xnpx44z4qbwgas\gradle-8.3\lib\agents\gradle-instrumentation-agent-8.3.jar org.gradle.launcher.daemon.bootstrap.GradleDaemon 8.3

Host: 11th Gen Intel(R) Core(TM) i5-11400F @ 2.60GHz, 12 cores, 15G,  Windows 11 , 64 bit Build 22621 (10.0.22621.4391)
Time: Sun Dec  1 18:53:21 2024 Central European Standard Time elapsed time: 10.005639 seconds (0d 0h 0m 10s)

---------------  T H R E A D  ---------------

Current thread (0x000002036fc001c0):  JavaThread "C2 CompilerThread0" daemon [_thread_in_native, id=17660, stack(0x0000004110a00000,0x0000004110b00000) (1024K)]


Current CompileTask:
C2:  10005 7807   !   4       org.jetbrains.kotlin.metadata.ProtoBuf$Type::<init> (875 bytes)

Stack: [0x0000004110a00000,0x0000004110b00000]
Native frames: (J=compiled Java code, j=interpreted, Vv=VM code, C=native code)
V  [jvm.dll+0x6cafb9]
V  [jvm.dll+0x858523]
V  [jvm.dll+0x85aa7e]
V  [jvm.dll+0x85b163]
V  [jvm.dll+0x27d356]
V  [jvm.dll+0xbf93d]
V  [jvm.dll+0xbfe73]
V  [jvm.dll+0x3b1cb1]
V  [jvm.dll+0x37e787]
V  [jvm.dll+0x37dbfa]
V  [jvm.dll+0x246b02]
V  [jvm.dll+0x2460d1]
V  [jvm.dll+0x1c5804]
V  [jvm.dll+0x25575c]
V  [jvm.dll+0x253c36]
V  [jvm.dll+0x3ec996]
V  [jvm.dll+0x800d78]
V  [jvm.dll+0x6c98cd]
C  [ucrtbase.dll+0x29333]
C  [KERNEL32.DLL+0x1259d]
C  [ntdll.dll+0x5af38]


---------------  P R O C E S S  ---------------

Threads class SMR info:
_java_thread_list=0x0000020375aa40f0, length=34, elements={
0x00000203537233f0, 0x000002036fc10c80, 0x000002036fc13ab0, 0x000002036fbf3030,
0x000002036fbf1780, 0x000002036fbf22d0, 0x000002036fbfc710, 0x000002036fc001c0,
0x000002036fc20a60, 0x000002036f9e81b0, 0x00000203741f4510, 0x00000203751f80f0,
0x00000203755e6530, 0x0000020375b985c0, 0x000002037540e650, 0x0000020375e71380,
0x0000020375c6dd40, 0x0000020375bb22b0, 0x0000020375baa160, 0x0000020375bacf50,
0x0000020375babba0, 0x0000020375ba9ad0, 0x0000020375bac8c0, 0x0000020375baae80,
0x0000020375bac230, 0x0000020375bab510, 0x000002037674e570, 0x0000020376752710,
0x00000203767519f0, 0x000002037674d850, 0x000002037674f920, 0x0000020376750640,
0x000002037674cb30, 0x000002037674ffb0
}

Java Threads: ( => current thread )
  0x00000203537233f0 JavaThread "main"                              [_thread_blocked, id=5708, stack(0x000000410fc00000,0x000000410fd00000) (1024K)]
  0x000002036fc10c80 JavaThread "Reference Handler"          daemon [_thread_blocked, id=16452, stack(0x0000004110400000,0x0000004110500000) (1024K)]
  0x000002036fc13ab0 JavaThread "Finalizer"                  daemon [_thread_blocked, id=18024, stack(0x0000004110500000,0x0000004110600000) (1024K)]
  0x000002036fbf3030 JavaThread "Signal Dispatcher"          daemon [_thread_blocked, id=16564, stack(0x0000004110600000,0x0000004110700000) (1024K)]
  0x000002036fbf1780 JavaThread "Attach Listener"            daemon [_thread_blocked, id=11808, stack(0x0000004110700000,0x0000004110800000) (1024K)]
  0x000002036fbf22d0 JavaThread "Service Thread"             daemon [_thread_blocked, id=16300, stack(0x0000004110800000,0x0000004110900000) (1024K)]
  0x000002036fbfc710 JavaThread "Monitor Deflation Thread"   daemon [_thread_blocked, id=17876, stack(0x0000004110900000,0x0000004110a00000) (1024K)]
=>0x000002036fc001c0 JavaThread "C2 CompilerThread0"         daemon [_thread_in_native, id=17660, stack(0x0000004110a00000,0x0000004110b00000) (1024K)]
  0x000002036fc20a60 JavaThread "C1 CompilerThread0"         daemon [_thread_blocked, id=18412, stack(0x0000004110b00000,0x0000004110c00000) (1024K)]
  0x000002036f9e81b0 JavaThread "Common-Cleaner"             daemon [_thread_blocked, id=17452, stack(0x0000004110c00000,0x0000004110d00000) (1024K)]
  0x00000203741f4510 JavaThread "Notification Thread"        daemon [_thread_blocked, id=10368, stack(0x0000004110d00000,0x0000004110e00000) (1024K)]
  0x00000203751f80f0 JavaThread "Daemon health stats"               [_thread_blocked, id=17200, stack(0x0000004111400000,0x0000004111500000) (1024K)]
  0x00000203755e6530 JavaThread "Incoming local TCP Connector on port 52244"        [_thread_in_native, id=11664, stack(0x0000004111500000,0x0000004111600000) (1024K)]
  0x0000020375b985c0 JavaThread "Daemon periodic checks"            [_thread_blocked, id=9728, stack(0x0000004111600000,0x0000004111700000) (1024K)]
  0x000002037540e650 JavaThread "Daemon"                            [_thread_blocked, id=17436, stack(0x0000004111700000,0x0000004111800000) (1024K)]
  0x0000020375e71380 JavaThread "Handler for socket connection from /127.0.0.1:52244 to /127.0.0.1:52245"        [_thread_in_native, id=15000, stack(0x0000004111800000,0x0000004111900000) (1024K)]
  0x0000020375c6dd40 JavaThread "Cancel handler"                    [_thread_blocked, id=17956, stack(0x0000004111900000,0x0000004111a00000) (1024K)]
  0x0000020375bb22b0 JavaThread "Daemon worker"                     [_thread_in_vm, id=1952, stack(0x0000004111a00000,0x0000004111b00000) (1024K)]
  0x0000020375baa160 JavaThread "Asynchronous log dispatcher for DefaultDaemonConnection: socket connection from /127.0.0.1:52244 to /127.0.0.1:52245"        [_thread_blocked, id=2956, stack(0x0000004111b00000,0x0000004111c00000) (1024K)]
  0x0000020375bacf50 JavaThread "Stdin handler"                     [_thread_blocked, id=3980, stack(0x0000004111c00000,0x0000004111d00000) (1024K)]
  0x0000020375babba0 JavaThread "Daemon client event forwarder"        [_thread_blocked, id=17420, stack(0x0000004111d00000,0x0000004111e00000) (1024K)]
  0x0000020375ba9ad0 JavaThread "Cache worker for journal cache (C:\Users\User\.gradle\caches\journal-1)"        [_thread_blocked, id=16160, stack(0x0000004112400000,0x0000004112500000) (1024K)]
  0x0000020375bac8c0 JavaThread "File lock request listener"        [_thread_in_native, id=15688, stack(0x0000004112500000,0x0000004112600000) (1024K)]
  0x0000020375baae80 JavaThread "Cache worker for file hash cache (C:\Users\User\.gradle\caches\8.3\fileHashes)"        [_thread_blocked, id=17544, stack(0x0000004112600000,0x0000004112700000) (1024K)]
  0x0000020375bac230 JavaThread "File watcher server"        daemon [_thread_in_native, id=17208, stack(0x0000004112800000,0x0000004112900000) (1024K)]
  0x0000020375bab510 JavaThread "File watcher consumer"      daemon [_thread_blocked, id=6768, stack(0x0000004112900000,0x0000004112a00000) (1024K)]
  0x000002037674e570 JavaThread "Cache worker for checksums cache (C:\Users\User\Desktop\ClothesApp-master\android\.gradle\8.3\checksums)"        [_thread_blocked, id=4088, stack(0x0000004112a00000,0x0000004112b00000) (1024K)]
  0x0000020376752710 JavaThread "Cache worker for file hash cache (C:\Users\User\Desktop\ClothesApp-master\android\.gradle\8.3\fileHashes)"        [_thread_blocked, id=12328, stack(0x0000004112b00000,0x0000004112c00000) (1024K)]
  0x00000203767519f0 JavaThread "Cache worker for cache directory md-supplier (C:\Users\User\.gradle\caches\8.3\md-supplier)"        [_thread_blocked, id=17680, stack(0x0000004112c00000,0x0000004112d00000) (1024K)]
  0x000002037674d850 JavaThread "Cache worker for file content cache (C:\Users\User\.gradle\caches\8.3\fileContent)"        [_thread_blocked, id=18072, stack(0x0000004112d00000,0x0000004112e00000) (1024K)]
  0x000002037674f920 JavaThread "Cache worker for cache directory md-rule (C:\Users\User\.gradle\caches\8.3\md-rule)"        [_thread_blocked, id=16232, stack(0x0000004112e00000,0x0000004112f00000) (1024K)]
  0x0000020376750640 JavaThread "Cache worker for execution history cache (C:\Users\User\.gradle\caches\8.3\executionHistory)"        [_thread_blocked, id=16340, stack(0x0000004112f00000,0x0000004113000000) (1024K)]
  0x000002037674cb30 JavaThread "jar transforms"                    [_thread_blocked, id=17704, stack(0x0000004113000000,0x0000004113100000) (1024K)]
  0x000002037674ffb0 JavaThread "Cache worker for kotlin-dsl (C:\Users\User\.gradle\caches\8.3\kotlin-dsl)"        [_thread_blocked, id=7336, stack(0x0000004113100000,0x0000004113200000) (1024K)]
Total: 34

Other Threads:
  0x000002036fa1e0f0 VMThread "VM Thread"                           [id=18280, stack(0x0000004110300000,0x0000004110400000) (1024K)]
  0x000002036f9e76e0 WatcherThread "VM Periodic Task Thread"        [id=10976, stack(0x0000004110200000,0x0000004110300000) (1024K)]
  0x0000020353789ce0 WorkerThread "GC Thread#0"                     [id=12528, stack(0x000000410fd00000,0x000000410fe00000) (1024K)]
  0x0000020374de3f20 WorkerThread "GC Thread#1"                     [id=16844, stack(0x0000004110f00000,0x0000004111000000) (1024K)]
  0x0000020374c277b0 WorkerThread "GC Thread#2"                     [id=16864, stack(0x0000004111000000,0x0000004111100000) (1024K)]
  0x0000020374c27b50 WorkerThread "GC Thread#3"                     [id=16072, stack(0x0000004111100000,0x0000004111200000) (1024K)]
  0x0000020374c27ef0 WorkerThread "GC Thread#4"                     [id=9224, stack(0x0000004111200000,0x0000004111300000) (1024K)]
  0x00000203747d1240 WorkerThread "GC Thread#5"                     [id=17780, stack(0x0000004111300000,0x0000004111400000) (1024K)]
  0x0000020375d98150 WorkerThread "GC Thread#6"                     [id=2560, stack(0x0000004111e00000,0x0000004111f00000) (1024K)]
  0x0000020375ecc820 WorkerThread "GC Thread#7"                     [id=17152, stack(0x0000004111f00000,0x0000004112000000) (1024K)]
  0x0000020375d4bf60 WorkerThread "GC Thread#8"                     [id=16380, stack(0x0000004112000000,0x0000004112100000) (1024K)]
  0x0000020375df87e0 WorkerThread "GC Thread#9"                     [id=15216, stack(0x0000004112100000,0x0000004112200000) (1024K)]
  0x000002035379c720 ConcurrentGCThread "G1 Main Marker"            [id=17364, stack(0x000000410fe00000,0x000000410ff00000) (1024K)]
  0x000002035379d9c0 WorkerThread "G1 Conc#0"                       [id=10908, stack(0x000000410ff00000,0x0000004110000000) (1024K)]
  0x0000020375df9a00 WorkerThread "G1 Conc#1"                       [id=18416, stack(0x0000004112200000,0x0000004112300000) (1024K)]
  0x0000020375df8440 WorkerThread "G1 Conc#2"                       [id=9852, stack(0x0000004112300000,0x0000004112400000) (1024K)]
  0x000002036f8b6b30 ConcurrentGCThread "G1 Refine#0"               [id=12956, stack(0x0000004110000000,0x0000004110100000) (1024K)]
  0x000002036f8b70c0 ConcurrentGCThread "G1 Service"                [id=14916, stack(0x0000004110100000,0x0000004110200000) (1024K)]
Total: 18

Threads with active compile tasks:
C2 CompilerThread0    10028 7807   !   4       org.jetbrains.kotlin.metadata.ProtoBuf$Type::<init> (875 bytes)
Total: 1

VM state: not at safepoint (normal execution)

VM Mutex/Monitor currently owned by a thread:  ([mutex/lock_event])
[0x00007ff822a61fc8] CodeCache_lock - owner thread: 0x0000020375bb22b0

Heap address: 0x0000000700000000, size: 4096 MB, Compressed Oops mode: Zero based, Oop shift amount: 3

CDS archive(s) not mapped
Compressed class space mapped at: 0x0000000800000000-0x0000000840000000, reserved size: 1073741824
Narrow klass base: 0x0000000800000000, Narrow klass shift: 0, Narrow klass range: 0x40000000

GC Precious Log:
 CardTable entry size: 512
 Card Set container configuration: InlinePtr #cards 4 size 8 Array Of Cards #cards 16 size 48 Howl #buckets 8 coarsen threshold 3686 Howl Bitmap #cards 512 size 80 coarsen threshold 460 Card regions per heap region 1 cards per card region 4096
 CPUs: 12 total, 12 available
 Memory: 16217M
 Large Page Support: Disabled
 NUMA Support: Disabled
 Compressed Oops: Enabled (Zero based)
 Heap Region Size: 2M
 Heap Min Capacity: 8M
 Heap Initial Capacity: 254M
 Heap Max Capacity: 4G
 Pre-touch: Disabled
 Parallel Workers: 10
 Concurrent Workers: 3
 Concurrent Refinement Workers: 10
 Periodic GC: Disabled

Heap:
 garbage-first heap   total 163840K, used 127205K [0x0000000700000000, 0x0000000800000000)
  region size 2048K, 29 young (59392K), 3 survivors (6144K)
 Metaspace       used 86920K, committed 88576K, reserved 1179648K
  class space    used 11201K, committed 12032K, reserved 1048576K

Heap Regions: E=young(eden), S=young(survivor), O=old, HS=humongous(starts), HC=humongous(continues), CS=collection set, F=free, TAMS=top-at-mark-start, PB=parsable bottom
|   0|0x0000000700000000, 0x0000000700200000, 0x0000000700200000|100%|HS|  |TAMS 0x0000000700000000| PB 0x0000000700000000| Complete 
|   1|0x0000000700200000, 0x0000000700400000, 0x0000000700400000|100%|HC|  |TAMS 0x0000000700200000| PB 0x0000000700200000| Complete 
|   2|0x0000000700400000, 0x0000000700600000, 0x0000000700600000|100%| O|  |TAMS 0x0000000700400000| PB 0x0000000700400000| Untracked 
|   3|0x0000000700600000, 0x0000000700800000, 0x0000000700800000|100%| O|  |TAMS 0x0000000700600000| PB 0x0000000700600000| Untracked 
|   4|0x0000000700800000, 0x00000007009fc878, 0x0000000700a00000| 99%| O|  |TAMS 0x0000000700800000| PB 0x0000000700800000| Untracked 
|   5|0x0000000700a00000, 0x0000000700c00000, 0x0000000700c00000|100%| O|  |TAMS 0x0000000700a00000| PB 0x0000000700a00000| Untracked 
|   6|0x0000000700c00000, 0x0000000700e00000, 0x0000000700e00000|100%| O|  |TAMS 0x0000000700c00000| PB 0x0000000700c00000| Untracked 
|   7|0x0000000700e00000, 0x0000000701000000, 0x0000000701000000|100%| O|  |TAMS 0x0000000700e00000| PB 0x0000000700e00000| Untracked 
|   8|0x0000000701000000, 0x0000000701200000, 0x0000000701200000|100%| O|  |TAMS 0x0000000701000000| PB 0x0000000701000000| Untracked 
|   9|0x0000000701200000, 0x0000000701400000, 0x0000000701400000|100%| O|  |TAMS 0x0000000701200000| PB 0x0000000701200000| Untracked 
|  10|0x0000000701400000, 0x0000000701600000, 0x0000000701600000|100%| O|  |TAMS 0x0000000701400000| PB 0x0000000701400000| Untracked 
|  11|0x0000000701600000, 0x0000000701800000, 0x0000000701800000|100%| O|  |TAMS 0x0000000701600000| PB 0x0000000701600000| Untracked 
|  12|0x0000000701800000, 0x0000000701a00000, 0x0000000701a00000|100%| O|  |TAMS 0x0000000701800000| PB 0x0000000701800000| Untracked 
|  13|0x0000000701a00000, 0x0000000701c00000, 0x0000000701c00000|100%| O|  |TAMS 0x0000000701a00000| PB 0x0000000701a00000| Untracked 
|  14|0x0000000701c00000, 0x0000000701e00000, 0x0000000701e00000|100%| O|  |TAMS 0x0000000701c00000| PB 0x0000000701c00000| Untracked 
|  15|0x0000000701e00000, 0x0000000702000000, 0x0000000702000000|100%| O|  |TAMS 0x0000000701e00000| PB 0x0000000701e00000| Untracked 
|  16|0x0000000702000000, 0x0000000702200000, 0x0000000702200000|100%| O|  |TAMS 0x0000000702000000| PB 0x0000000702000000| Untracked 
|  17|0x0000000702200000, 0x0000000702400000, 0x0000000702400000|100%| O|  |TAMS 0x0000000702200000| PB 0x0000000702200000| Untracked 
|  18|0x0000000702400000, 0x0000000702600000, 0x0000000702600000|100%| O|  |TAMS 0x0000000702400000| PB 0x0000000702400000| Untracked 
|  19|0x0000000702600000, 0x0000000702800000, 0x0000000702800000|100%| O|  |TAMS 0x0000000702600000| PB 0x0000000702600000| Untracked 
|  20|0x0000000702800000, 0x0000000702a00000, 0x0000000702a00000|100%| O|  |TAMS 0x0000000702800000| PB 0x0000000702800000| Untracked 
|  21|0x0000000702a00000, 0x0000000702c00000, 0x0000000702c00000|100%| O|  |TAMS 0x0000000702a00000| PB 0x0000000702a00000| Untracked 
|  22|0x0000000702c00000, 0x0000000702e00000, 0x0000000702e00000|100%| O|  |TAMS 0x0000000702c00000| PB 0x0000000702c00000| Untracked 
|  23|0x0000000702e00000, 0x0000000703000000, 0x0000000703000000|100%| O|  |TAMS 0x0000000702e00000| PB 0x0000000702e00000| Untracked 
|  24|0x0000000703000000, 0x000000070315b190, 0x0000000703200000| 67%| O|  |TAMS 0x0000000703000000| PB 0x0000000703000000| Untracked 
|  25|0x0000000703200000, 0x0000000703200000, 0x0000000703400000|  0%| F|  |TAMS 0x0000000703200000| PB 0x0000000703200000| Untracked 
|  26|0x0000000703400000, 0x0000000703400000, 0x0000000703600000|  0%| F|  |TAMS 0x0000000703400000| PB 0x0000000703400000| Untracked 
|  27|0x0000000703600000, 0x0000000703600000, 0x0000000703800000|  0%| F|  |TAMS 0x0000000703600000| PB 0x0000000703600000| Untracked 
|  28|0x0000000703800000, 0x0000000703a00000, 0x0000000703a00000|100%| O|  |TAMS 0x0000000703800000| PB 0x0000000703800000| Untracked 
|  29|0x0000000703a00000, 0x0000000703c00000, 0x0000000703c00000|100%| O|  |TAMS 0x0000000703a00000| PB 0x0000000703a00000| Untracked 
|  30|0x0000000703c00000, 0x0000000703e00000, 0x0000000703e00000|100%| O|  |TAMS 0x0000000703c00000| PB 0x0000000703c00000| Untracked 
|  31|0x0000000703e00000, 0x0000000704000000, 0x0000000704000000|100%| O|  |TAMS 0x0000000703e00000| PB 0x0000000703e00000| Untracked 
|  32|0x0000000704000000, 0x0000000704200000, 0x0000000704200000|100%| O|  |TAMS 0x0000000704000000| PB 0x0000000704000000| Untracked 
|  33|0x0000000704200000, 0x0000000704400000, 0x0000000704400000|100%| O|  |TAMS 0x0000000704200000| PB 0x0000000704200000| Untracked 
|  34|0x0000000704400000, 0x0000000704400000, 0x0000000704600000|  0%| F|  |TAMS 0x0000000704400000| PB 0x0000000704400000| Untracked 
|  35|0x0000000704600000, 0x0000000704600000, 0x0000000704800000|  0%| F|  |TAMS 0x0000000704600000| PB 0x0000000704600000| Untracked 
|  36|0x0000000704800000, 0x0000000704800000, 0x0000000704a00000|  0%| F|  |TAMS 0x0000000704800000| PB 0x0000000704800000| Untracked 
|  37|0x0000000704a00000, 0x0000000704a00000, 0x0000000704c00000|  0%| F|  |TAMS 0x0000000704a00000| PB 0x0000000704a00000| Untracked 
|  38|0x0000000704c00000, 0x0000000704ce1a50, 0x0000000704e00000| 44%| S|CS|TAMS 0x0000000704c00000| PB 0x0000000704c00000| Complete 
|  39|0x0000000704e00000, 0x0000000705000000, 0x0000000705000000|100%| S|CS|TAMS 0x0000000704e00000| PB 0x0000000704e00000| Complete 
|  40|0x0000000705000000, 0x0000000705200000, 0x0000000705200000|100%| S|CS|TAMS 0x0000000705000000| PB 0x0000000705000000| Complete 
|  41|0x0000000705200000, 0x0000000705200000, 0x0000000705400000|  0%| F|  |TAMS 0x0000000705200000| PB 0x0000000705200000| Untracked 
|  42|0x0000000705400000, 0x0000000705400000, 0x0000000705600000|  0%| F|  |TAMS 0x0000000705400000| PB 0x0000000705400000| Untracked 
|  43|0x0000000705600000, 0x0000000705600000, 0x0000000705800000|  0%| F|  |TAMS 0x0000000705600000| PB 0x0000000705600000| Untracked 
|  44|0x0000000705800000, 0x0000000705800000, 0x0000000705a00000|  0%| F|  |TAMS 0x0000000705800000| PB 0x0000000705800000| Untracked 
|  45|0x0000000705a00000, 0x0000000705a00000, 0x0000000705c00000|  0%| F|  |TAMS 0x0000000705a00000| PB 0x0000000705a00000| Untracked 
|  46|0x0000000705c00000, 0x0000000705c00000, 0x0000000705e00000|  0%| F|  |TAMS 0x0000000705c00000| PB 0x0000000705c00000| Untracked 
|  47|0x0000000705e00000, 0x0000000705e00000, 0x0000000706000000|  0%| F|  |TAMS 0x0000000705e00000| PB 0x0000000705e00000| Untracked 
|  48|0x0000000706000000, 0x0000000706000000, 0x0000000706200000|  0%| F|  |TAMS 0x0000000706000000| PB 0x0000000706000000| Untracked 
|  49|0x0000000706200000, 0x0000000706200000, 0x0000000706400000|  0%| F|  |TAMS 0x0000000706200000| PB 0x0000000706200000| Untracked 
|  50|0x0000000706400000, 0x0000000706600000, 0x0000000706600000|100%| E|  |TAMS 0x0000000706400000| PB 0x0000000706400000| Complete 
|  51|0x0000000706600000, 0x0000000706800000, 0x0000000706800000|100%| E|CS|TAMS 0x0000000706600000| PB 0x0000000706600000| Complete 
|  52|0x0000000706800000, 0x0000000706a00000, 0x0000000706a00000|100%| E|CS|TAMS 0x0000000706800000| PB 0x0000000706800000| Complete 
|  53|0x0000000706a00000, 0x0000000706c00000, 0x0000000706c00000|100%| E|CS|TAMS 0x0000000706a00000| PB 0x0000000706a00000| Complete 
|  54|0x0000000706c00000, 0x0000000706e00000, 0x0000000706e00000|100%| E|CS|TAMS 0x0000000706c00000| PB 0x0000000706c00000| Complete 
|  55|0x0000000706e00000, 0x0000000707000000, 0x0000000707000000|100%| E|CS|TAMS 0x0000000706e00000| PB 0x0000000706e00000| Complete 
|  56|0x0000000707000000, 0x0000000707200000, 0x0000000707200000|100%| E|CS|TAMS 0x0000000707000000| PB 0x0000000707000000| Complete 
|  57|0x0000000707200000, 0x0000000707400000, 0x0000000707400000|100%| E|CS|TAMS 0x0000000707200000| PB 0x0000000707200000| Complete 
|  58|0x0000000707400000, 0x0000000707600000, 0x0000000707600000|100%| E|CS|TAMS 0x0000000707400000| PB 0x0000000707400000| Complete 
|  59|0x0000000707600000, 0x0000000707800000, 0x0000000707800000|100%| E|CS|TAMS 0x0000000707600000| PB 0x0000000707600000| Complete 
|  60|0x0000000707800000, 0x0000000707a00000, 0x0000000707a00000|100%| E|CS|TAMS 0x0000000707800000| PB 0x0000000707800000| Complete 
|  61|0x0000000707a00000, 0x0000000707c00000, 0x0000000707c00000|100%| E|CS|TAMS 0x0000000707a00000| PB 0x0000000707a00000| Complete 
|  62|0x0000000707c00000, 0x0000000707e00000, 0x0000000707e00000|100%| E|CS|TAMS 0x0000000707c00000| PB 0x0000000707c00000| Complete 
|  63|0x0000000707e00000, 0x0000000708000000, 0x0000000708000000|100%| E|CS|TAMS 0x0000000707e00000| PB 0x0000000707e00000| Complete 
|  64|0x0000000708000000, 0x0000000708200000, 0x0000000708200000|100%| E|CS|TAMS 0x0000000708000000| PB 0x0000000708000000| Complete 
|  65|0x0000000708200000, 0x0000000708400000, 0x0000000708400000|100%| E|CS|TAMS 0x0000000708200000| PB 0x0000000708200000| Complete 
|  66|0x0000000708400000, 0x0000000708600000, 0x0000000708600000|100%| E|CS|TAMS 0x0000000708400000| PB 0x0000000708400000| Complete 
|  67|0x0000000708600000, 0x0000000708800000, 0x0000000708800000|100%| E|CS|TAMS 0x0000000708600000| PB 0x0000000708600000| Complete 
|  68|0x0000000708800000, 0x0000000708a00000, 0x0000000708a00000|100%| E|CS|TAMS 0x0000000708800000| PB 0x0000000708800000| Complete 
|  69|0x0000000708a00000, 0x0000000708c00000, 0x0000000708c00000|100%| E|CS|TAMS 0x0000000708a00000| PB 0x0000000708a00000| Complete 
|  70|0x0000000708c00000, 0x0000000708e00000, 0x0000000708e00000|100%| E|CS|TAMS 0x0000000708c00000| PB 0x0000000708c00000| Complete 
| 103|0x000000070ce00000, 0x000000070d000000, 0x000000070d000000|100%| E|CS|TAMS 0x000000070ce00000| PB 0x000000070ce00000| Complete 
| 104|0x000000070d000000, 0x000000070d200000, 0x000000070d200000|100%| E|CS|TAMS 0x000000070d000000| PB 0x000000070d000000| Complete 
| 105|0x000000070d200000, 0x000000070d400000, 0x000000070d400000|100%| E|CS|TAMS 0x000000070d200000| PB 0x000000070d200000| Complete 
| 106|0x000000070d400000, 0x000000070d600000, 0x000000070d600000|100%| E|CS|TAMS 0x000000070d400000| PB 0x000000070d400000| Complete 
|2043|0x00000007ff600000, 0x00000007ff800000, 0x00000007ff800000|100%| O|  |TAMS 0x00000007ff600000| PB 0x00000007ff600000| Untracked 
|2044|0x00000007ff800000, 0x00000007ffa00000, 0x00000007ffa00000|100%| E|CS|TAMS 0x00000007ff800000| PB 0x00000007ff800000| Complete 
|2045|0x00000007ffa00000, 0x00000007ffc00000, 0x00000007ffc00000|100%| O|  |TAMS 0x00000007ffa00000| PB 0x00000007ffa00000| Untracked 
|2046|0x00000007ffc00000, 0x00000007ffe00000, 0x00000007ffe00000|100%| O|  |TAMS 0x00000007ffc00000| PB 0x00000007ffc00000| Untracked 
|2047|0x00000007ffe00000, 0x0000000800000000, 0x0000000800000000|100%| O|  |TAMS 0x00000007ffe00000| PB 0x00000007ffe00000| Untracked 

Card table byte_map: [0x00000203684e0000,0x0000020368ce0000] _byte_map_base: 0x0000020364ce0000

Marking Bits: (CMBitMap*) 0x000002035378abf0
 Bits: [0x0000020368ce0000, 0x000002036cce0000)

Polling page: 0x00000203537e0000

Metaspace:

Usage:
  Non-class:     73.95 MB used.
      Class:     10.94 MB used.
       Both:     84.89 MB used.

Virtual space:
  Non-class space:      128.00 MB reserved,      74.81 MB ( 58%) committed,  2 nodes.
      Class space:        1.00 GB reserved,      11.75 MB (  1%) committed,  1 nodes.
             Both:        1.12 GB reserved,      86.56 MB (  8%) committed. 

Chunk freelists:
   Non-Class:  5.17 MB
       Class:  4.28 MB
        Both:  9.45 MB

MaxMetaspaceSize: 2.00 GB
CompressedClassSpaceSize: 1.00 GB
Initial GC threshold: 21.00 MB
Current GC threshold: 98.25 MB
CDS: off
 - commit_granule_bytes: 65536.
 - commit_granule_words: 8192.
 - virtual_space_node_default_size: 8388608.
 - enlarge_chunks_in_place: 1.
 - use_allocation_guard: 0.


Internal statistics:

num_allocs_failed_limit: 9.
num_arena_births: 3204.
num_arena_deaths: 0.
num_vsnodes_births: 3.
num_vsnodes_deaths: 0.
num_space_committed: 1383.
num_space_uncommitted: 0.
num_chunks_returned_to_freelist: 9.
num_chunks_taken_from_freelist: 6384.
num_chunk_merges: 9.
num_chunk_splits: 4465.
num_chunks_enlarged: 3053.
num_inconsistent_stats: 0.

CodeHeap 'non-profiled nmethods': size=120000Kb used=5312Kb max_used=5312Kb free=114687Kb
 bounds [0x000002035fb30000, 0x0000020360070000, 0x0000020367060000]
CodeHeap 'profiled nmethods': size=120000Kb used=16099Kb max_used=16099Kb free=103901Kb
 bounds [0x0000020358060000, 0x0000020359020000, 0x000002035f590000]
CodeHeap 'non-nmethods': size=5760Kb used=3083Kb max_used=3115Kb free=2676Kb
 bounds [0x000002035f590000, 0x000002035f8b0000, 0x000002035fb30000]
 total_blobs=8556 nmethods=7613 adapters=846
 compilation: enabled
              stopped_count=0, restarted_count=0
 full_count=0

Compilation events (20 events):
Event: 10.002 Thread 0x000002036fc20a60 nmethod 8106 0x000002036005d990 code [0x000002036005db20, 0x000002036005dbf0]
Event: 10.002 Thread 0x000002036fc20a60 8107       2       org.jetbrains.kotlin.types.TypeUtils::noExpectedType (28 bytes)
Event: 10.002 Thread 0x000002036fc20a60 nmethod 8107 0x0000020358fe3390 code [0x0000020358fe3540, 0x0000020358fe3690]
Event: 10.003 Thread 0x000002036fc20a60 8108       2       org.jetbrains.kotlin.resolve.descriptorUtil.DescriptorUtilsKt::getModule (18 bytes)
Event: 10.003 Thread 0x000002036fc20a60 nmethod 8108 0x0000020358fe3710 code [0x0000020358fe3920, 0x0000020358fe3c28]
Event: 10.003 Thread 0x000002036fc20a60 8109       2       org.jetbrains.kotlin.load.java.lazy.descriptors.LazyJavaClassDescriptor::getTypeConstructor (8 bytes)
Event: 10.003 Thread 0x000002036fc20a60 nmethod 8109 0x0000020358fe3e10 code [0x0000020358fe3fa0, 0x0000020358fe40b0]
Event: 10.003 Thread 0x000002036fc20a60 8110       2       org.jetbrains.kotlin.types.SimpleTypeImpl::getAttributes (7 bytes)
Event: 10.003 Thread 0x000002036fc20a60 nmethod 8110 0x0000020358fe4190 code [0x0000020358fe4320, 0x0000020358fe4430]
Event: 10.003 Thread 0x000002036fc20a60 8111       2       java.util.AbstractList$SubList$1::hasPrevious (13 bytes)
Event: 10.003 Thread 0x000002036fc20a60 nmethod 8111 0x0000020358fe4510 code [0x0000020358fe46c0, 0x0000020358fe4828]
Event: 10.003 Thread 0x000002036fc20a60 8112       2       java.util.AbstractList$SubList$1::previousIndex (18 bytes)
Event: 10.003 Thread 0x000002036fc20a60 nmethod 8112 0x0000020358fe4910 code [0x0000020358fe4ac0, 0x0000020358fe4c10]
Event: 10.003 Thread 0x000002036fc20a60 8113       2       kotlin.collections.ReversedList$listIterator$1::previousIndex (20 bytes)
Event: 10.003 Thread 0x000002036fc20a60 nmethod 8113 0x0000020358fe4d10 code [0x0000020358fe4f20, 0x0000020358fe5240]
Event: 10.004 Thread 0x000002036fc20a60 8114       2       org.jetbrains.kotlin.load.java.structure.impl.classFiles.BinaryJavaAnnotationVisitor::<init> (36 bytes)
Event: 10.004 Thread 0x000002036fc20a60 nmethod 8114 0x0000020358fe5490 code [0x0000020358fe5700, 0x0000020358fe5dd0]
Event: 10.004 Thread 0x000002036fc20a60 8122       3       org.jetbrains.kotlin.utils.SmartList::<init> (5 bytes)
Event: 10.004 Thread 0x000002036fc20a60 nmethod 8122 0x0000020358fe6210 code [0x0000020358fe63c0, 0x0000020358fe65f0]
Event: 10.004 Thread 0x000002036fc20a60 8118       2       org.jetbrains.org.objectweb.asm.Type::getReturnTypeOffset (64 bytes)

GC Heap History (20 events):
Event: 6.359 GC heap before
{Heap before GC invocations=32 (full 0):
 garbage-first heap   total 229376K, used 172389K [0x0000000700000000, 0x0000000800000000)
  region size 2048K, 67 young (137216K), 3 survivors (6144K)
 Metaspace       used 51711K, committed 52992K, reserved 1114112K
  class space    used 6696K, committed 7360K, reserved 1048576K
}
Event: 6.361 GC heap after
{Heap after GC invocations=33 (full 0):
 garbage-first heap   total 229376K, used 41562K [0x0000000700000000, 0x0000000800000000)
  region size 2048K, 3 young (6144K), 3 survivors (6144K)
 Metaspace       used 51711K, committed 52992K, reserved 1114112K
  class space    used 6696K, committed 7360K, reserved 1048576K
}
Event: 6.532 GC heap before
{Heap before GC invocations=33 (full 0):
 garbage-first heap   total 229376K, used 172634K [0x0000000700000000, 0x0000000800000000)
  region size 2048K, 67 young (137216K), 3 survivors (6144K)
 Metaspace       used 51711K, committed 52992K, reserved 1114112K
  class space    used 6696K, committed 7360K, reserved 1048576K
}
Event: 6.534 GC heap after
{Heap after GC invocations=34 (full 0):
 garbage-first heap   total 229376K, used 41839K [0x0000000700000000, 0x0000000800000000)
  region size 2048K, 3 young (6144K), 3 survivors (6144K)
 Metaspace       used 51711K, committed 52992K, reserved 1114112K
  class space    used 6696K, committed 7360K, reserved 1048576K
}
Event: 6.715 GC heap before
{Heap before GC invocations=34 (full 0):
 garbage-first heap   total 229376K, used 172911K [0x0000000700000000, 0x0000000800000000)
  region size 2048K, 67 young (137216K), 3 survivors (6144K)
 Metaspace       used 51711K, committed 52992K, reserved 1114112K
  class space    used 6696K, committed 7360K, reserved 1048576K
}
Event: 6.716 GC heap after
{Heap after GC invocations=35 (full 0):
 garbage-first heap   total 229376K, used 42107K [0x0000000700000000, 0x0000000800000000)
  region size 2048K, 3 young (6144K), 3 survivors (6144K)
 Metaspace       used 51711K, committed 52992K, reserved 1114112K
  class space    used 6696K, committed 7360K, reserved 1048576K
}
Event: 6.864 GC heap before
{Heap before GC invocations=35 (full 0):
 garbage-first heap   total 229376K, used 173179K [0x0000000700000000, 0x0000000800000000)
  region size 2048K, 67 young (137216K), 3 survivors (6144K)
 Metaspace       used 51713K, committed 52992K, reserved 1114112K
  class space    used 6696K, committed 7360K, reserved 1048576K
}
Event: 6.866 GC heap after
{Heap after GC invocations=36 (full 0):
 garbage-first heap   total 229376K, used 42280K [0x0000000700000000, 0x0000000800000000)
  region size 2048K, 3 young (6144K), 3 survivors (6144K)
 Metaspace       used 51713K, committed 52992K, reserved 1114112K
  class space    used 6696K, committed 7360K, reserved 1048576K
}
Event: 7.016 GC heap before
{Heap before GC invocations=36 (full 0):
 garbage-first heap   total 229376K, used 173352K [0x0000000700000000, 0x0000000800000000)
  region size 2048K, 67 young (137216K), 3 survivors (6144K)
 Metaspace       used 51713K, committed 52992K, reserved 1114112K
  class space    used 6696K, committed 7360K, reserved 1048576K
}
Event: 7.018 GC heap after
{Heap after GC invocations=37 (full 0):
 garbage-first heap   total 276480K, used 42556K [0x0000000700000000, 0x0000000800000000)
  region size 2048K, 3 young (6144K), 3 survivors (6144K)
 Metaspace       used 51713K, committed 52992K, reserved 1114112K
  class space    used 6696K, committed 7360K, reserved 1048576K
}
Event: 7.281 GC heap before
{Heap before GC invocations=37 (full 0):
 garbage-first heap   total 276480K, used 202300K [0x0000000700000000, 0x0000000800000000)
  region size 2048K, 81 young (165888K), 3 survivors (6144K)
 Metaspace       used 51957K, committed 53248K, reserved 1114112K
  class space    used 6725K, committed 7360K, reserved 1048576K
}
Event: 7.282 GC heap after
{Heap after GC invocations=38 (full 0):
 garbage-first heap   total 276480K, used 44013K [0x0000000700000000, 0x0000000800000000)
  region size 2048K, 4 young (8192K), 4 survivors (8192K)
 Metaspace       used 51957K, committed 53248K, reserved 1114112K
  class space    used 6725K, committed 7360K, reserved 1048576K
}
Event: 7.667 GC heap before
{Heap before GC invocations=38 (full 0):
 garbage-first heap   total 276480K, used 91117K [0x0000000700000000, 0x0000000800000000)
  region size 2048K, 28 young (57344K), 4 survivors (8192K)
 Metaspace       used 58874K, committed 60160K, reserved 1114112K
  class space    used 7547K, committed 8192K, reserved 1048576K
}
Event: 7.669 GC heap after
{Heap after GC invocations=39 (full 0):
 garbage-first heap   total 276480K, used 45068K [0x0000000700000000, 0x0000000800000000)
  region size 2048K, 4 young (8192K), 4 survivors (8192K)
 Metaspace       used 58874K, committed 60160K, reserved 1114112K
  class space    used 7547K, committed 8192K, reserved 1048576K
}
Event: 8.222 GC heap before
{Heap before GC invocations=40 (full 0):
 garbage-first heap   total 163840K, used 135180K [0x0000000700000000, 0x0000000800000000)
  region size 2048K, 48 young (98304K), 4 survivors (8192K)
 Metaspace       used 66151K, committed 67520K, reserved 1114112K
  class space    used 8875K, committed 9536K, reserved 1048576K
}
Event: 8.229 GC heap after
{Heap after GC invocations=41 (full 0):
 garbage-first heap   total 163840K, used 61640K [0x0000000700000000, 0x0000000800000000)
  region size 2048K, 6 young (12288K), 6 survivors (12288K)
 Metaspace       used 66151K, committed 67520K, reserved 1114112K
  class space    used 8875K, committed 9536K, reserved 1048576K
}
Event: 9.069 GC heap before
{Heap before GC invocations=41 (full 0):
 garbage-first heap   total 163840K, used 139464K [0x0000000700000000, 0x0000000800000000)
  region size 2048K, 44 young (90112K), 6 survivors (12288K)
 Metaspace       used 75807K, committed 77120K, reserved 1179648K
  class space    used 9815K, committed 10432K, reserved 1048576K
}
Event: 9.075 GC heap after
{Heap after GC invocations=42 (full 0):
 garbage-first heap   total 163840K, used 70751K [0x0000000700000000, 0x0000000800000000)
  region size 2048K, 4 young (8192K), 4 survivors (8192K)
 Metaspace       used 75807K, committed 77120K, reserved 1179648K
  class space    used 9815K, committed 10432K, reserved 1048576K
}
Event: 9.516 GC heap before
{Heap before GC invocations=42 (full 0):
 garbage-first heap   total 163840K, used 142431K [0x0000000700000000, 0x0000000800000000)
  region size 2048K, 39 young (79872K), 4 survivors (8192K)
 Metaspace       used 81481K, committed 83136K, reserved 1179648K
  class space    used 10564K, committed 11392K, reserved 1048576K
}
Event: 9.520 GC heap after
{Heap after GC invocations=43 (full 0):
 garbage-first heap   total 163840K, used 76005K [0x0000000700000000, 0x0000000800000000)
  region size 2048K, 3 young (6144K), 3 survivors (6144K)
 Metaspace       used 81481K, committed 83136K, reserved 1179648K
  class space    used 10564K, committed 11392K, reserved 1048576K
}

Dll operation events (3 events):
Event: 0.006 Loaded shared library D:\Android\jbr\bin\java.dll
Event: 0.009 Loaded shared library D:\Android\jbr\bin\zip.dll
Event: 0.269 Loaded shared library D:\Android\jbr\bin\verify.dll

Deoptimization events (20 events):
Event: 9.861 Thread 0x0000020375bb22b0 Uncommon trap: trap_request=0xffffffbe fr.pc=0x000002036003c5dc relative=0x0000000000000c3c
Event: 9.861 Thread 0x0000020375bb22b0 Uncommon trap: reason=profile_predicate action=maybe_recompile pc=0x000002036003c5dc method=gnu.trove.TObjectHash.insertionIndex(Ljava/lang/Object;)I @ 115 c2
Event: 9.861 Thread 0x0000020375bb22b0 DEOPT PACKING pc=0x000002036003c5dc sp=0x0000004111af2600
Event: 9.861 Thread 0x0000020375bb22b0 DEOPT UNPACKING pc=0x000002035f5e7da2 sp=0x0000004111af25a0 mode 2
Event: 9.862 Thread 0x0000020375bb22b0 Uncommon trap: trap_request=0xffffffbe fr.pc=0x000002036003c5dc relative=0x0000000000000c3c
Event: 9.862 Thread 0x0000020375bb22b0 Uncommon trap: reason=profile_predicate action=maybe_recompile pc=0x000002036003c5dc method=gnu.trove.TObjectHash.insertionIndex(Ljava/lang/Object;)I @ 115 c2
Event: 9.862 Thread 0x0000020375bb22b0 DEOPT PACKING pc=0x000002036003c5dc sp=0x0000004111af26b0
Event: 9.862 Thread 0x0000020375bb22b0 DEOPT UNPACKING pc=0x000002035f5e7da2 sp=0x0000004111af2650 mode 2
Event: 9.862 Thread 0x0000020375bb22b0 Uncommon trap: trap_request=0xffffffbe fr.pc=0x000002036003c5dc relative=0x0000000000000c3c
Event: 9.862 Thread 0x0000020375bb22b0 Uncommon trap: reason=profile_predicate action=maybe_recompile pc=0x000002036003c5dc method=gnu.trove.TObjectHash.insertionIndex(Ljava/lang/Object;)I @ 115 c2
Event: 9.862 Thread 0x0000020375bb22b0 DEOPT PACKING pc=0x000002036003c5dc sp=0x0000004111af2580
Event: 9.862 Thread 0x0000020375bb22b0 DEOPT UNPACKING pc=0x000002035f5e7da2 sp=0x0000004111af2530 mode 2
Event: 9.862 Thread 0x0000020375bb22b0 Uncommon trap: trap_request=0xffffffbe fr.pc=0x000002036003c5dc relative=0x0000000000000c3c
Event: 9.862 Thread 0x0000020375bb22b0 Uncommon trap: reason=profile_predicate action=maybe_recompile pc=0x000002036003c5dc method=gnu.trove.TObjectHash.insertionIndex(Ljava/lang/Object;)I @ 115 c2
Event: 9.862 Thread 0x0000020375bb22b0 DEOPT PACKING pc=0x000002036003c5dc sp=0x0000004111af2580
Event: 9.862 Thread 0x0000020375bb22b0 DEOPT UNPACKING pc=0x000002035f5e7da2 sp=0x0000004111af2530 mode 2
Event: 9.946 Thread 0x0000020375bb22b0 DEOPT PACKING pc=0x0000020358e3fbdd sp=0x0000004111af3a80
Event: 9.946 Thread 0x0000020375bb22b0 DEOPT UNPACKING pc=0x000002035f5e88e2 sp=0x0000004111af3018 mode 0
Event: 9.978 Thread 0x0000020375bb22b0 DEOPT PACKING pc=0x0000020358f0bb45 sp=0x0000004111af3180
Event: 9.978 Thread 0x0000020375bb22b0 DEOPT UNPACKING pc=0x000002035f5e88e2 sp=0x0000004111af2700 mode 0

Classes loaded (20 events):
Event: 8.127 Loading class java/util/PrimitiveIterator done
Event: 8.127 Loading class java/util/PrimitiveIterator$OfInt done
Event: 8.166 Loading class java/util/function/IntUnaryOperator
Event: 8.166 Loading class java/util/function/IntUnaryOperator done
Event: 9.355 Loading class java/util/AbstractList$SubList
Event: 9.356 Loading class java/util/AbstractList$SubList done
Event: 9.405 Loading class java/lang/Override
Event: 9.405 Loading class java/lang/Override done
Event: 9.565 Loading class java/util/AbstractList$SubList$1
Event: 9.565 Loading class java/util/AbstractList$SubList$1 done
Event: 9.566 Loading class java/util/AbstractList$ListItr
Event: 9.566 Loading class java/util/AbstractList$ListItr done
Event: 9.579 Loading class java/text/StringCharacterIterator
Event: 9.579 Loading class java/text/CharacterIterator
Event: 9.580 Loading class java/text/CharacterIterator done
Event: 9.580 Loading class java/text/StringCharacterIterator done
Event: 9.946 Loading class java/util/AbstractList$RandomAccessSubList
Event: 9.946 Loading class java/util/AbstractList$RandomAccessSubList done
Event: 9.961 Loading class java/io/NotSerializableException
Event: 9.961 Loading class java/io/NotSerializableException done

Classes unloaded (0 events):
No events

Classes redefined (0 events):
No events

Internal exceptions (20 events):
Event: 8.196 Thread 0x0000020375bb22b0 Implicit null exception at 0x000002035ff3985a to 0x000002035ff39964
Event: 8.219 Thread 0x0000020375bb22b0 Exception <a 'java/lang/NoSuchMethodError'{0x00000007039b5f38}: 'java.lang.Object java.lang.invoke.Invokers$Holder.invokeExact_MT(java.lang.Object, java.lang.Object, long, java.lang.Object)'> (0x00000007039b5f38) 
thrown [s\src\hotspot\share\interpreter\linkResolver.cpp, line 784]
Event: 8.271 Thread 0x0000020375bb22b0 Implicit null exception at 0x000002035ff5a543 to 0x000002035ff5b138
Event: 8.491 Thread 0x0000020375bb22b0 Implicit null exception at 0x000002035fb6fda0 to 0x000002035fb703c4
Event: 8.640 Thread 0x0000020375bb22b0 Implicit null exception at 0x000002035fb82320 to 0x000002035fb8293c
Event: 9.137 Thread 0x0000020375bb22b0 Exception <a 'java/lang/NoSuchMethodError'{0x000000070d1aad68}: 'java.lang.Object java.lang.invoke.DirectMethodHandle$Holder.newInvokeSpecial(java.lang.Object, java.lang.Object, java.lang.Object, java.lang.Object, java.lang.Object, java.lang.Object, java.lang.Object, java.lang.Object, java.lang.Object, java.lang.Object, java.lang.Object, java.lang.Object, java.lang.Object, java.lang.Object)'> (0x000000070d1aad68) 
thrown [s\src\hotspot\share\interpreter\linkResolver.cpp, line 784]
Event: 9.143 Thread 0x0000020375bb22b0 Exception <a 'java/lang/NoSuchMethodError'{0x000000070cef5d68}: 'java.lang.Object java.lang.invoke.DirectMethodHandle$Holder.newInvokeSpecial(java.lang.Object, java.lang.Object, java.lang.Object, java.lang.Object, java.lang.Object, java.lang.Object, java.lang.Object, java.lang.Object, java.lang.Object, java.lang.Object, java.lang.Object, java.lang.Object, java.lang.Object, java.lang.Object, java.lang.Object, java.lang.Object, java.lang.Object, java.lang.Object, java.lang.Object, java.lang.Object, java.lang
Event: 9.152 Thread 0x0000020375bb22b0 Exception <a 'java/lang/NoSuchMethodError'{0x0000000708ce3b38}: 'java.lang.Object java.lang.invoke.DirectMethodHandle$Holder.newInvokeSpecial(java.lang.Object, java.lang.Object, java.lang.Object, java.lang.Object, java.lang.Object, java.lang.Object, java.lang.Object, java.lang.Object, java.lang.Object, java.lang.Object, java.lang.Object, java.lang.Object, java.lang.Object, java.lang.Object, java.lang.Object, java.lang.Object, java.lang.Object, java.lang.Object, java.lang.Object, java.lang.Object)'> (0x0000
Event: 9.210 Thread 0x0000020375bb22b0 Exception <a 'java/lang/NoSuchMethodError'{0x00000007084e4bd0}: 'java.lang.Object java.lang.invoke.DirectMethodHandle$Holder.newInvokeSpecial(java.lang.Object, java.lang.Object, java.lang.Object, java.lang.Object, java.lang.Object, java.lang.Object, java.lang.Object, java.lang.Object, java.lang.Object, java.lang.Object, java.lang.Object, java.lang.Object, java.lang.Object, java.lang.Object, java.lang.Object, java.lang.Object)'> (0x00000007084e4bd0) 
thrown [s\src\hotspot\share\interpreter\linkResolver.cpp,
Event: 9.211 Thread 0x0000020375bb22b0 Exception <a 'java/lang/NoSuchMethodError'{0x00000007084ebbe0}: 'java.lang.Object java.lang.invoke.DirectMethodHandle$Holder.invokeSpecial(java.lang.Object, java.lang.Object, java.lang.Object, java.lang.Object, java.lang.Object, java.lang.Object, java.lang.Object, java.lang.Object, java.lang.Object, java.lang.Object, java.lang.Object, java.lang.Object, java.lang.Object, java.lang.Object, java.lang.Object, java.lang.Object, java.lang.Object)'> (0x00000007084ebbe0) 
thrown [s\src\hotspot\share\interpreter\li
Event: 9.211 Thread 0x0000020375bb22b0 Exception <a 'java/lang/NoSuchMethodError'{0x00000007084f1a60}: 'java.lang.Object java.lang.invoke.DelegatingMethodHandle$Holder.reinvoke_L(java.lang.Object, java.lang.Object, java.lang.Object, java.lang.Object, java.lang.Object, java.lang.Object, java.lang.Object, java.lang.Object, java.lang.Object, java.lang.Object, java.lang.Object, java.lang.Object, java.lang.Object, java.lang.Object, java.lang.Object, java.lang.Object)'> (0x00000007084f1a60) 
thrown [s\src\hotspot\share\interpreter\linkResolver.cpp, l
Event: 9.215 Thread 0x0000020375bb22b0 Exception <a 'java/lang/NoSuchMethodError'{0x00000007085a3bb0}: 'java.lang.Object java.lang.invoke.DirectMethodHandle$Holder.newInvokeSpecial(java.lang.Object, java.lang.Object, java.lang.Object, java.lang.Object, java.lang.Object, java.lang.Object, java.lang.Object, java.lang.Object, java.lang.Object, java.lang.Object, java.lang.Object, java.lang.Object, java.lang.Object, java.lang.Object, java.lang.Object, java.lang.Object, java.lang.Object, java.lang.Object)'> (0x00000007085a3bb0) 
thrown [s\src\hotspot
Event: 9.215 Thread 0x0000020375bb22b0 Exception <a 'java/lang/NoSuchMethodError'{0x00000007085aae98}: 'java.lang.Object java.lang.invoke.DirectMethodHandle$Holder.invokeSpecial(java.lang.Object, java.lang.Object, java.lang.Object, java.lang.Object, java.lang.Object, java.lang.Object, java.lang.Object, java.lang.Object, java.lang.Object, java.lang.Object, java.lang.Object, java.lang.Object, java.lang.Object, java.lang.Object, java.lang.Object, java.lang.Object, java.lang.Object, java.lang.Object, java.lang.Object)'> (0x00000007085aae98) 
thrown
Event: 9.215 Thread 0x0000020375bb22b0 Exception <a 'java/lang/NoSuchMethodError'{0x00000007085b1000}: 'java.lang.Object java.lang.invoke.DelegatingMethodHandle$Holder.reinvoke_L(java.lang.Object, java.lang.Object, java.lang.Object, java.lang.Object, java.lang.Object, java.lang.Object, java.lang.Object, java.lang.Object, java.lang.Object, java.lang.Object, java.lang.Object, java.lang.Object, java.lang.Object, java.lang.Object, java.lang.Object, java.lang.Object, java.lang.Object, java.lang.Object)'> (0x00000007085b1000) 
thrown [s\src\hotspot\s
Event: 9.218 Thread 0x0000020375bb22b0 Exception <a 'java/lang/NoSuchMethodError'{0x0000000708249a38}: 'java.lang.Object java.lang.invoke.DirectMethodHandle$Holder.newInvokeSpecial(java.lang.Object, java.lang.Object, java.lang.Object, java.lang.Object, java.lang.Object, java.lang.Object, java.lang.Object, java.lang.Object, java.lang.Object, java.lang.Object, java.lang.Object, java.lang.Object, java.lang.Object, java.lang.Object, java.lang.Object, java.lang.Object, java.lang.Object, java.lang.Object, java.lang.Object, java.lang.Object, java.lang
Event: 9.225 Thread 0x0000020375bb22b0 Exception <a 'java/lang/NoSuchMethodError'{0x00000007083a0488}: 'java.lang.Object java.lang.invoke.DirectMethodHandle$Holder.newInvokeSpecial(java.lang.Object, java.lang.Object, java.lang.Object, java.lang.Object, java.lang.Object, java.lang.Object, java.lang.Object, java.lang.Object, java.lang.Object, java.lang.Object, java.lang.Object, java.lang.Object, java.lang.Object)'> (0x00000007083a0488) 
thrown [s\src\hotspot\share\interpreter\linkResolver.cpp, line 784]
Event: 9.682 Thread 0x0000020375bb22b0 Implicit null exception at 0x000002036001e0b7 to 0x00000203600203f4
Event: 9.831 Thread 0x0000020375bb22b0 Exception <a 'java/lang/NoSuchMethodError'{0x0000000707358b80}: 'java.lang.Object java.lang.invoke.DirectMethodHandle$Holder.newInvokeSpecial(java.lang.Object, java.lang.Object, java.lang.Object, java.lang.Object, int)'> (0x0000000707358b80) 
thrown [s\src\hotspot\share\interpreter\linkResolver.cpp, line 784]
Event: 9.832 Thread 0x0000020375bb22b0 Exception <a 'java/lang/NoSuchMethodError'{0x000000070735e8c8}: 'java.lang.Object java.lang.invoke.DirectMethodHandle$Holder.invokeSpecial(java.lang.Object, java.lang.Object, java.lang.Object, java.lang.Object, java.lang.Object, int)'> (0x000000070735e8c8) 
thrown [s\src\hotspot\share\interpreter\linkResolver.cpp, line 784]
Event: 9.832 Thread 0x0000020375bb22b0 Exception <a 'java/lang/NoSuchMethodError'{0x0000000707363fd8}: 'java.lang.Object java.lang.invoke.Invokers$Holder.linkToTargetMethod(java.lang.Object, java.lang.Object, java.lang.Object, int, java.lang.Object)'> (0x0000000707363fd8) 
thrown [s\src\hotspot\share\interpreter\linkResolver.cpp, line 784]

ZGC Phase Switch (0 events):
No events

VM Operations (20 events):
Event: 9.568 Executing VM operation: HandshakeAllThreads (Deoptimize)
Event: 9.568 Executing VM operation: HandshakeAllThreads (Deoptimize) done
Event: 9.584 Executing VM operation: HandshakeAllThreads (Deoptimize)
Event: 9.584 Executing VM operation: HandshakeAllThreads (Deoptimize) done
Event: 9.732 Executing VM operation: HandshakeAllThreads (Deoptimize)
Event: 9.732 Executing VM operation: HandshakeAllThreads (Deoptimize) done
Event: 9.775 Executing VM operation: HandshakeAllThreads (Deoptimize)
Event: 9.775 Executing VM operation: HandshakeAllThreads (Deoptimize) done
Event: 9.790 Executing VM operation: HandshakeAllThreads (Deoptimize)
Event: 9.790 Executing VM operation: HandshakeAllThreads (Deoptimize) done
Event: 9.855 Executing VM operation: HandshakeAllThreads (Deoptimize)
Event: 9.856 Executing VM operation: HandshakeAllThreads (Deoptimize) done
Event: 9.868 Executing VM operation: ICBufferFull
Event: 9.868 Executing VM operation: ICBufferFull done
Event: 9.873 Executing VM operation: HandshakeAllThreads (Deoptimize)
Event: 9.873 Executing VM operation: HandshakeAllThreads (Deoptimize) done
Event: 9.874 Executing VM operation: HandshakeAllThreads (Deoptimize)
Event: 9.874 Executing VM operation: HandshakeAllThreads (Deoptimize) done
Event: 9.975 Executing VM operation: HandshakeAllThreads (Deoptimize)
Event: 9.975 Executing VM operation: HandshakeAllThreads (Deoptimize) done

Events (20 events):
Event: 7.686 Thread 0x000002036fa1e0f0 flushing nmethod 0x000002035fc96090
Event: 7.686 Thread 0x000002036fa1e0f0 flushing nmethod 0x000002035fc88890
Event: 7.686 Thread 0x000002036fa1e0f0 flushing nmethod 0x000002035fc8f590
Event: 7.686 Thread 0x000002036fa1e0f0 flushing nmethod 0x000002035fc3ef10
Event: 7.686 Thread 0x000002036fa1e0f0 flushing nmethod 0x000002035fc6b710
Event: 7.686 Thread 0x000002036fa1e0f0 flushing nmethod 0x000002035fc5ee90
Event: 7.686 Thread 0x000002036fa1e0f0 flushing nmethod 0x000002035fc3b510
Event: 7.686 Thread 0x000002036fa1e0f0 flushing nmethod 0x000002035fc7c690
Event: 7.686 Thread 0x000002036fa1e0f0 flushing nmethod 0x000002035fc57610
Event: 7.686 Thread 0x000002036fa1e0f0 flushing nmethod 0x000002035fc37310
Event: 7.686 Thread 0x000002036fa1e0f0 flushing nmethod 0x000002035fbf6590
Event: 7.686 Thread 0x000002036fa1e0f0 flushing nmethod 0x000002035fc03610
Event: 7.686 Thread 0x000002036fa1e0f0 flushing nmethod 0x000002035fbee210
Event: 7.686 Thread 0x000002036fa1e0f0 flushing nmethod 0x000002035fbb4a10
Event: 7.686 Thread 0x000002036fa1e0f0 flushing nmethod 0x000002035fbd9e10
Event: 7.686 Thread 0x000002036fa1e0f0 flushing nmethod 0x000002035fba2190
Event: 7.686 Thread 0x000002036fa1e0f0 flushing nmethod 0x000002035fb52990
Event: 7.686 Thread 0x000002036fa1e0f0 flushing nmethod 0x000002035fb56f90
Event: 7.898 Thread 0x000002036fc23340 Thread added: 0x000002036fc23340
Event: 8.852 Thread 0x000002036fc23340 Thread exited: 0x000002036fc23340


Dynamic libraries:
0x00007ff736c10000 - 0x00007ff736c1a000 	D:\Android\jbr\bin\java.exe
0x00007ff8832b0000 - 0x00007ff8834c7000 	C:\WINDOWS\SYSTEM32\ntdll.dll
0x00007ff85c320000 - 0x00007ff85c33a000 	C:\Program Files\Avast Software\Avast\aswhook.dll
0x00007ff8816b0000 - 0x00007ff881774000 	C:\WINDOWS\System32\KERNEL32.DLL
0x00007ff880c10000 - 0x00007ff880fc9000 	C:\WINDOWS\System32\KERNELBASE.dll
0x00007ff880860000 - 0x00007ff880971000 	C:\WINDOWS\System32\ucrtbase.dll
0x00007ff876790000 - 0x00007ff8767a8000 	D:\Android\jbr\bin\jli.dll
0x00007ff879de0000 - 0x00007ff879dfb000 	D:\Android\jbr\bin\VCRUNTIME140.dll
0x00007ff882a80000 - 0x00007ff882c2e000 	C:\WINDOWS\System32\USER32.dll
0x00007ff856c40000 - 0x00007ff856ed2000 	C:\WINDOWS\WinSxS\amd64_microsoft.windows.common-controls_6595b64144ccf1df_6.0.22621.4391_none_2715d37f73803e96\COMCTL32.dll
0x00007ff880a70000 - 0x00007ff880a96000 	C:\WINDOWS\System32\win32u.dll
0x00007ff880fd0000 - 0x00007ff881077000 	C:\WINDOWS\System32\msvcrt.dll
0x00007ff882630000 - 0x00007ff882659000 	C:\WINDOWS\System32\GDI32.dll
0x00007ff880620000 - 0x00007ff88073b000 	C:\WINDOWS\System32\gdi32full.dll
0x00007ff8807c0000 - 0x00007ff88085a000 	C:\WINDOWS\System32\msvcp_win.dll
0x00007ff883230000 - 0x00007ff883261000 	C:\WINDOWS\System32\IMM32.DLL
0x00007ff879e80000 - 0x00007ff879e8c000 	D:\Android\jbr\bin\vcruntime140_1.dll
0x00007ff84cc60000 - 0x00007ff84cced000 	D:\Android\jbr\bin\msvcp140.dll
0x00007ff821ec0000 - 0x00007ff822b3d000 	D:\Android\jbr\bin\server\jvm.dll
0x00007ff881280000 - 0x00007ff881332000 	C:\WINDOWS\System32\ADVAPI32.dll
0x00007ff882660000 - 0x00007ff882707000 	C:\WINDOWS\System32\sechost.dll
0x00007ff880980000 - 0x00007ff8809a8000 	C:\WINDOWS\System32\bcrypt.dll
0x00007ff881780000 - 0x00007ff881894000 	C:\WINDOWS\System32\RPCRT4.dll
0x00007ff882c30000 - 0x00007ff882ca1000 	C:\WINDOWS\System32\WS2_32.dll
0x00007ff87fe00000 - 0x00007ff87fe4d000 	C:\WINDOWS\SYSTEM32\POWRPROF.dll
0x00007ff871830000 - 0x00007ff871864000 	C:\WINDOWS\SYSTEM32\WINMM.dll
0x00007ff878b00000 - 0x00007ff878b0a000 	C:\WINDOWS\SYSTEM32\VERSION.dll
0x00007ff87fde0000 - 0x00007ff87fdf3000 	C:\WINDOWS\SYSTEM32\UMPDC.dll
0x00007ff87f510000 - 0x00007ff87f528000 	C:\WINDOWS\SYSTEM32\kernel.appcore.dll
0x00007ff8794f0000 - 0x00007ff8794fa000 	D:\Android\jbr\bin\jimage.dll
0x00007ff870b50000 - 0x00007ff870d82000 	C:\WINDOWS\SYSTEM32\DBGHELP.DLL
0x00007ff8819d0000 - 0x00007ff881d5f000 	C:\WINDOWS\System32\combase.dll
0x00007ff8815c0000 - 0x00007ff881697000 	C:\WINDOWS\System32\OLEAUT32.dll
0x00007ff8707b0000 - 0x00007ff8707e2000 	C:\WINDOWS\SYSTEM32\dbgcore.DLL
0x00007ff880740000 - 0x00007ff8807bb000 	C:\WINDOWS\System32\bcryptPrimitives.dll
0x00007ff8766d0000 - 0x00007ff8766de000 	D:\Android\jbr\bin\instrument.dll
0x00007ff8766b0000 - 0x00007ff8766cf000 	D:\Android\jbr\bin\java.dll
0x00007ff8765f0000 - 0x00007ff876608000 	D:\Android\jbr\bin\zip.dll
0x00007ff881db0000 - 0x00007ff882626000 	C:\WINDOWS\System32\SHELL32.dll
0x00007ff87e4a0000 - 0x00007ff87eda3000 	C:\WINDOWS\SYSTEM32\windows.storage.dll
0x00007ff87e360000 - 0x00007ff87e49f000 	C:\WINDOWS\SYSTEM32\wintypes.dll
0x00007ff883130000 - 0x00007ff883229000 	C:\WINDOWS\System32\SHCORE.dll
0x00007ff881200000 - 0x00007ff88125e000 	C:\WINDOWS\System32\shlwapi.dll
0x00007ff8804e0000 - 0x00007ff88050b000 	C:\WINDOWS\SYSTEM32\profapi.dll
0x00007ff8794e0000 - 0x00007ff8794f0000 	D:\Android\jbr\bin\net.dll
0x00007ff87b370000 - 0x00007ff87b4a6000 	C:\WINDOWS\SYSTEM32\WINHTTP.dll
0x00007ff87fa20000 - 0x00007ff87fa89000 	C:\WINDOWS\system32\mswsock.dll
0x00007ff8761f0000 - 0x00007ff876206000 	D:\Android\jbr\bin\nio.dll
0x00007ff8761d0000 - 0x00007ff8761e0000 	D:\Android\jbr\bin\verify.dll
0x00007ff85de70000 - 0x00007ff85de97000 	C:\Users\User\.gradle\native\68d5fa5c4cc2d200863cafc0d521ce42e7d3e7ee720ec0a83991735586a16f82\windows-amd64\native-platform.dll
0x00007ff84c730000 - 0x00007ff84c874000 	C:\Users\User\.gradle\native\e376f236ea51e6404a007f0833ffe2c6e607c4080706a723a18a27aeea778392\windows-amd64\native-platform-file-events.dll
0x00007ff8766a0000 - 0x00007ff8766a9000 	D:\Android\jbr\bin\management.dll
0x00007ff8765e0000 - 0x00007ff8765eb000 	D:\Android\jbr\bin\management_ext.dll
0x00007ff881270000 - 0x00007ff881278000 	C:\WINDOWS\System32\PSAPI.DLL
0x00007ff87fe60000 - 0x00007ff87fe7b000 	C:\WINDOWS\SYSTEM32\CRYPTSP.dll
0x00007ff87f530000 - 0x00007ff87f565000 	C:\WINDOWS\system32\rsaenh.dll
0x00007ff87fac0000 - 0x00007ff87fae8000 	C:\WINDOWS\SYSTEM32\USERENV.dll
0x00007ff87fdd0000 - 0x00007ff87fddc000 	C:\WINDOWS\SYSTEM32\CRYPTBASE.dll
0x00007ff87f010000 - 0x00007ff87f03d000 	C:\WINDOWS\SYSTEM32\IPHLPAPI.DLL
0x00007ff881260000 - 0x00007ff881269000 	C:\WINDOWS\System32\NSI.dll
0x00007ff877020000 - 0x00007ff877029000 	D:\Android\jbr\bin\extnet.dll
0x00007ff8434a0000 - 0x00007ff8434a8000 	C:\WINDOWS\system32\wshunix.dll

dbghelp: loaded successfully - version: 4.0.5 - missing functions: none
symbol engine: initialized successfully - sym options: 0x614 - pdb path: .;D:\Android\jbr\bin;C:\WINDOWS\SYSTEM32;C:\Program Files\Avast Software\Avast;C:\WINDOWS\WinSxS\amd64_microsoft.windows.common-controls_6595b64144ccf1df_6.0.22621.4391_none_2715d37f73803e96;D:\Android\jbr\bin\server;C:\Users\User\.gradle\native\68d5fa5c4cc2d200863cafc0d521ce42e7d3e7ee720ec0a83991735586a16f82\windows-amd64;C:\Users\User\.gradle\native\e376f236ea51e6404a007f0833ffe2c6e607c4080706a723a18a27aeea778392\windows-amd64

VM Arguments:
jvm_args: -XX:MaxMetaspaceSize=2G -XX:+HeapDumpOnOutOfMemoryError --add-opens=java.base/java.util=ALL-UNNAMED --add-opens=java.base/java.lang=ALL-UNNAMED --add-opens=java.base/java.lang.invoke=ALL-UNNAMED --add-opens=java.prefs/java.util.prefs=ALL-UNNAMED --add-opens=java.base/java.nio.charset=ALL-UNNAMED --add-opens=java.base/java.net=ALL-UNNAMED --add-opens=java.base/java.util.concurrent.atomic=ALL-UNNAMED -Xmx4G -Dfile.encoding=UTF-8 -Duser.country=GB -Duser.language=en -Duser.variant -javaagent:C:\Users\User\.gradle\wrapper\dists\gradle-8.3-all\6en3ugtfdg5xnpx44z4qbwgas\gradle-8.3\lib\agents\gradle-instrumentation-agent-8.3.jar 
java_command: org.gradle.launcher.daemon.bootstrap.GradleDaemon 8.3
java_class_path (initial): C:\Users\User\.gradle\wrapper\dists\gradle-8.3-all\6en3ugtfdg5xnpx44z4qbwgas\gradle-8.3\lib\gradle-launcher-8.3.jar
Launcher Type: SUN_STANDARD

[Global flags]
     intx CICompilerCount                          = 4                                         {product} {ergonomic}
     uint ConcGCThreads                            = 3                                         {product} {ergonomic}
     uint G1ConcRefinementThreads                  = 10                                        {product} {ergonomic}
   size_t G1HeapRegionSize                         = 2097152                                   {product} {ergonomic}
    uintx GCDrainStackTargetSize                   = 64                                        {product} {ergonomic}
     bool HeapDumpOnOutOfMemoryError               = true                                   {manageable} {command line}
   size_t InitialHeapSize                          = 266338304                                 {product} {ergonomic}
   size_t MarkStackSize                            = 4194304                                   {product} {ergonomic}
   size_t MaxHeapSize                              = 4294967296                                {product} {command line}
   size_t MaxMetaspaceSize                         = 2147483648                                {product} {command line}
   size_t MaxNewSize                               = 2575302656                                {product} {ergonomic}
   size_t MinHeapDeltaBytes                        = 2097152                                   {product} {ergonomic}
   size_t MinHeapSize                              = 8388608                                   {product} {ergonomic}
    uintx NonNMethodCodeHeapSize                   = 5839372                                {pd product} {ergonomic}
    uintx NonProfiledCodeHeapSize                  = 122909434                              {pd product} {ergonomic}
    uintx ProfiledCodeHeapSize                     = 122909434                              {pd product} {ergonomic}
    uintx ReservedCodeCacheSize                    = 251658240                              {pd product} {ergonomic}
     bool SegmentedCodeCache                       = true                                      {product} {ergonomic}
   size_t SoftMaxHeapSize                          = 4294967296                             {manageable} {ergonomic}
     bool UseCompressedOops                        = true                           {product lp64_product} {ergonomic}
     bool UseG1GC                                  = true                                      {product} {ergonomic}
     bool UseLargePagesIndividualAllocation        = false                                  {pd product} {ergonomic}

Logging:
Log output configuration:
 #0: stdout all=warning uptime,level,tags foldmultilines=false
 #1: stderr all=off uptime,level,tags foldmultilines=false

Environment Variables:
JAVA_HOME=D:\Android\jbr
CLASSPATH=C:\Users\User\Desktop\ClothesApp-master\android\\gradle\wrapper\gradle-wrapper.jar
PATH=D:\Android\jbr\bin;C:\Program Files\Microsoft SDKs\Azure\CLI2\wbin;C:\ProgramData\Oracle\Java\javapath;C:\Windows\system32;C:\Windows;C:\Windows\System32\Wbem;C:\Windows\System32\WindowsPowerShell\v1.0\;C:\Windows\System32\OpenSSH\;C:\Program Files\NVIDIA Corporation\NVIDIA NvDLISR;C:\WINDOWS\system32;C:\WINDOWS;C:\WINDOWS\System32\Wbem;C:\WINDOWS\System32\WindowsPowerShell\v1.0\;C:\WINDOWS\System32\OpenSSH\;C:\Program Files\dotnet\;C:\Program Files (x86)\NVIDIA Corporation\PhysX\Common;C:\Program Files\Docker\Docker\resources\bin;C:\Users\User\.jdks\openjdk-20.0.1\bin;C:\Program Files\Microsoft SQL Server\Client SDK\ODBC\170\Tools\Binn\;C:\Program Files\Microsoft SQL Server\150\Tools\Binn\;C:\Program Files\Git\cmd;C:\Program Files\PuTTY\;C:\Users\User\AppData\Local\Microsoft\WindowsApps;D:\Microsoft VS Code\bin;C:\Users\User\AppData\Local\Packages\PythonSoftwareFoundation.Python.3.12_qbz5n2kfra8p0\LocalCache\local-packages\Python312\Scripts\django-admin.exe;C:\Users\User\AppData\Local\Packages\PythonSoftwareFoundation.Python.3.12_qbz5n2kfra8p0\LocalCache\local-packages\Python312\Scripts;C:\Users\User\.dotnet\tools;D:\flutter\src\flutter\bin;;D:\flutter\src\flutter\bin\mingit\cmd
USERNAME=User
OS=Windows_NT
PROCESSOR_IDENTIFIER=Intel64 Family 6 Model 167 Stepping 1, GenuineIntel
TMP=C:\Users\User\AppData\Local\Temp
TEMP=C:\Users\User\AppData\Local\Temp




Periodic native trim disabled

JNI global refs:
JNI global refs: 26, weak refs: 29

JNI global refs memory usage: 835, weak refs: 833

Process memory usage:
Resident Set Size: 406012K (2% of 16606956K total physical memory with 379096K free physical memory)

OOME stack traces (most recent first):
Classloader memory used:
Loader org.gradle.internal.classloader.VisitableURLClassLoader                         : 57858K
Loader bootstrap                                                                       : 24138K
Loader org.gradle.initialization.MixInLegacyTypesClassLoader                           : 3822K
Loader jdk.internal.loader.ClassLoaders$PlatformClassLoader                            : 513K
Loader jdk.internal.jrtfs.JrtFileSystemProvider$JrtFsLoader                            : 320K
Loader jdk.internal.loader.ClassLoaders$AppClassLoader                                 : 227K
Loader org.gradle.groovy.scripts.internal.DefaultScriptCompilationHandler$ScriptClassLoader: 41808B
Loader org.codehaus.groovy.runtime.callsite.CallSiteClassLoader                        : 17152B

Classes loaded by more than one classloader:
Class org.gradle.internal.classloader.FilteringClassLoader                            : loaded 2 times (x 102B)
Class jdk.internal.jimage.BasicImageReader                                            : loaded 2 times (x 92B)
Class org.gradle.internal.classloader.ClassLoaderHierarchy                            : loaded 2 times (x 67B)
Class org.gradle.api.internal.classpath.ManifestUtil                                  : loaded 2 times (x 68B)
Class jdk.internal.jimage.decompressor.StringSharingDecompressorFactory               : loaded 2 times (x 71B)
Class org.gradle.internal.classloader.DefaultClassLoaderFactory                       : loaded 2 times (x 79B)
Class org.gradle.internal.classloader.ClassLoaderVisitor                              : loaded 2 times (x 73B)
Class org.gradle.api.internal.classpath.EffectiveClassPath                            : loaded 2 times (x 87B)
Class org.gradle.api.internal.DefaultClassPathProvider                                : loaded 2 times (x 73B)
Class [Lorg.gradle.api.internal.ClassPathProvider;                                    : loaded 2 times (x 66B)
Class org.gradle.api.internal.ClassPathProvider                                       : loaded 2 times (x 67B)
Class jdk.internal.jrtfs.SystemImage                                                  : loaded 2 times (x 71B)
Class org.gradle.internal.service.UnknownServiceException                             : loaded 2 times (x 80B)
Class org.gradle.internal.classpath.TransformedClassPath                              : loaded 2 times (x 93B)
Class jdk.internal.jrtfs.SystemImage$1                                                : loaded 2 times (x 75B)
Class jdk.internal.jrtfs.SystemImage$2                                                : loaded 2 times (x 73B)
Class org.gradle.internal.service.ServiceLocator                                      : loaded 2 times (x 67B)
Class jdk.internal.jrtfs.JrtFileSystemProvider                                        : loaded 2 times (x 98B)
Class jdk.internal.jimage.ImageLocation                                               : loaded 2 times (x 87B)
Class jdk.internal.jrtfs.JrtDirectoryStream$1                                         : loaded 2 times (x 80B)
Class org.gradle.internal.InternalTransformer                                         : loaded 2 times (x 67B)
Class jdk.internal.jimage.ImageBufferCache$1                                          : loaded 2 times (x 80B)
Class org.gradle.internal.classloader.ClasspathUtil$1                                 : loaded 2 times (x 73B)
Class jdk.internal.jimage.ImageBufferCache$2                                          : loaded 2 times (x 88B)
Class org.gradle.api.internal.classpath.DefaultModuleRegistry$DefaultModule           : loaded 2 times (x 83B)
Class org.gradle.api.internal.classpath.Module                                        : loaded 2 times (x 67B)
Class org.gradle.api.internal.classpath.UnknownModuleException                        : loaded 2 times (x 79B)
Class org.gradle.cache.GlobalCache                                                    : loaded 2 times (x 67B)
Class jdk.internal.jimage.ImageHeader                                                 : loaded 2 times (x 68B)
Class org.gradle.api.internal.DefaultClassPathRegistry                                : loaded 2 times (x 73B)
Class org.gradle.api.internal.ClassPathRegistry                                       : loaded 2 times (x 67B)
Class org.gradle.internal.classpath.DefaultClassPath$ImmutableUniqueList              : loaded 2 times (x 196B)
Class jdk.internal.jimage.decompressor.ResourceDecompressor                           : loaded 2 times (x 67B)
Class org.gradle.internal.classpath.ClassPath                                         : loaded 2 times (x 67B)
Class org.gradle.api.UncheckedIOException                                             : loaded 2 times (x 79B)
Class jdk.internal.jimage.ImageStringsReader                                          : loaded 2 times (x 77B)
Class jdk.internal.jimage.ImageReader                                                 : loaded 2 times (x 72B)
Class jdk.internal.jimage.ImageReader$SharedImageReader                               : loaded 2 times (x 92B)
Class org.gradle.internal.installation.GradleInstallation$1                           : loaded 2 times (x 72B)
Class org.gradle.api.internal.classpath.ModuleRegistry                                : loaded 2 times (x 67B)
Class jdk.internal.jimage.decompressor.ResourceDecompressorFactory                    : loaded 2 times (x 71B)
Class jdk.internal.jimage.ImageReader$Node                                            : loaded 2 times (x 81B)
Class org.gradle.api.internal.classpath.DefaultModuleRegistry                         : loaded 2 times (x 83B)
Class jdk.internal.jimage.BasicImageReader$1                                          : loaded 2 times (x 74B)
Class jdk.internal.jimage.decompressor.Decompressor                                   : loaded 2 times (x 69B)
Class jdk.internal.jimage.ImageReader$Resource                                        : loaded 2 times (x 81B)
Class org.gradle.internal.service.ServiceLookupException                              : loaded 2 times (x 79B)
Class jdk.internal.jrtfs.JrtFileAttributes                                            : loaded 2 times (x 80B)
Class org.gradle.internal.classloader.ClassLoaderFactory                              : loaded 2 times (x 67B)
Class org.gradle.internal.service.CachingServiceLocator                               : loaded 2 times (x 79B)
Class jdk.internal.jimage.ImageBufferCache                                            : loaded 2 times (x 68B)
Class jdk.internal.jrtfs.JrtPath                                                      : loaded 2 times (x 115B)
Class org.gradle.internal.classloader.ClasspathUtil                                   : loaded 2 times (x 68B)
Class org.gradle.api.specs.Spec                                                       : loaded 2 times (x 67B)
Class jdk.internal.jimage.ImageReader$SharedImageReader$LocationVisitor               : loaded 2 times (x 67B)
Class jdk.internal.jimage.decompressor.ResourceDecompressorRepository                 : loaded 2 times (x 68B)
Class jdk.internal.jimage.ImageReader$Directory                                       : loaded 2 times (x 81B)
Class org.gradle.internal.classloader.VisitableURLClassLoader$InstrumentingVisitableURLClassLoader: loaded 2 times (x 120B)
Class org.gradle.internal.classloader.VisitableURLClassLoader$Spec                    : loaded 2 times (x 71B)
Class org.gradle.internal.classpath.DefaultClassPath                                  : loaded 2 times (x 87B)
Class jdk.internal.jimage.decompressor.ZipDecompressorFactory                         : loaded 2 times (x 71B)
Class org.gradle.internal.classloader.ClassLoaderSpec                                 : loaded 2 times (x 68B)
Class org.gradle.internal.classloader.VisitableURLClassLoader                         : loaded 2 times (x 114B)
Class org.gradle.internal.Cast                                                        : loaded 2 times (x 68B)
Class org.gradle.api.Action                                                           : loaded 2 times (x 67B)
Class jdk.internal.jimage.decompressor.ZipDecompressor                                : loaded 2 times (x 72B)
Class org.gradle.internal.agents.InstrumentingClassLoader                             : loaded 2 times (x 67B)
Class org.gradle.internal.classpath.DefaultClassPath$ImmutableUniqueList$Builder      : loaded 2 times (x 72B)
Class org.gradle.api.GradleException                                                  : loaded 2 times (x 79B)
Class jdk.internal.jimage.ImageStrings                                                : loaded 2 times (x 67B)
Class org.gradle.internal.IoActions                                                   : loaded 2 times (x 68B)
Class org.gradle.internal.classloader.SystemClassLoaderSpec                           : loaded 2 times (x 68B)
Class jdk.internal.jrtfs.JrtFileSystem                                                : loaded 2 times (x 99B)
Class jdk.internal.jimage.decompressor.CompressedResourceHeader                       : loaded 2 times (x 68B)
Class org.gradle.internal.installation.CurrentGradleInstallationLocator               : loaded 2 times (x 68B)
Class org.gradle.internal.service.DefaultServiceLocator                               : loaded 2 times (x 80B)
Class jdk.internal.jrtfs.JrtDirectoryStream                                           : loaded 2 times (x 86B)
Class org.gradle.internal.installation.CurrentGradleInstallation                      : loaded 2 times (x 70B)
Class org.gradle.util.internal.GUtil                                                  : loaded 2 times (x 68B)
Class org.gradle.internal.installation.GradleInstallation                             : loaded 2 times (x 72B)
Class jdk.internal.jimage.decompressor.ResourceDecompressor$StringsProvider           : loaded 2 times (x 67B)

---------------  S Y S T E M  ---------------

OS:
 Windows 11 , 64 bit Build 22621 (10.0.22621.4391)
OS uptime: 0 days 1:19 hours
Hyper-V role detected

CPU: total 12 (initial active 12) (6 cores per cpu, 2 threads per core) family 6 model 167 stepping 1 microcode 0x50, cx8, cmov, fxsr, ht, mmx, 3dnowpref, sse, sse2, sse3, ssse3, sse4.1, sse4.2, popcnt, lzcnt, tsc, tscinvbit, avx, avx2, aes, erms, clmul, bmi1, bmi2, adx, avx512f, avx512dq, avx512cd, avx512bw, avx512vl, sha, fma, vzeroupper, avx512_vpopcntdq, avx512_vpclmulqdq, avx512_vaes, avx512_vnni, clflush, clflushopt, avx512_vbmi2, avx512_vbmi, hv, rdtscp, rdpid, fsrm, gfni, avx512_bitalg, f16c, avx512_ifma
Processor Information for all 12 processors :
  Max Mhz: 2592, Current Mhz: 2592, Mhz Limit: 2592

Memory: 4k page, system-wide physical 16217M (370M free)
TotalPageFile size 18265M (AvailPageFile size 5M)
current process WorkingSet (physical memory assigned to process): 397M, peak: 453M
current process commit charge ("private bytes"): 433M, peak: 500M

vm_info: OpenJDK 64-Bit Server VM (21.0.3+-12282718-b509.11) for windows-amd64 JRE (21.0.3+-12282718-b509.11), built on 2024-08-27T17:34:15Z by "builder" with MS VC++ 16.10 / 16.11 (VS2019)

END.
